Log file open, 02/13/22 21:06:10
LogWindows: Failed to load 'aqProf.dll' (GetLastError=126)
LogWindows: File 'aqProf.dll' does not exist
LogWindows: Failed to load 'VtuneApi.dll' (GetLastError=126)
LogWindows: File 'VtuneApi.dll' does not exist
LogWindows: Failed to load 'VtuneApi32e.dll' (GetLastError=126)
LogWindows: File 'VtuneApi32e.dll' does not exist
LogConsoleResponse: Display: Failed to find resolution value strings in scalability ini. Falling back to default.
LogConsoleResponse: Display: Failed to find resolution value strings in scalability ini. Falling back to default.
LogInit: Display: Running engine for game: LaunchTitleProject
LogPlatformFile: Not using cached read wrapper
LogTaskGraph: Started task graph with 5 named threads and 35 total threads with 3 sets of task threads.
LogStats: Stats thread started at 0.402751
LogICUInternationalization: ICU TimeZone Detection - Raw Offset: +0:00, Platform Override: ''
LogInit: Display: Loading text-based GConfig....
LogPluginManager: Mounting plugin MeshPainting
LogPluginManager: Mounting plugin XGEController
LogPluginManager: Mounting plugin Paper2D
LogPluginManager: Mounting plugin AISupport
LogPluginManager: Mounting plugin EnvironmentQueryEditor
LogPluginManager: Mounting plugin LiveLink
LogPluginManager: Mounting plugin LightPropagationVolume
LogPluginManager: Mounting plugin OodleData
LogPluginManager: Mounting plugin CLionSourceCodeAccess
LogPluginManager: Mounting plugin AnimationSharing
LogPluginManager: Mounting plugin CodeLiteSourceCodeAccess
LogPluginManager: Mounting plugin OodleNetwork
LogPluginManager: Mounting plugin GitSourceControl
LogPluginManager: Mounting plugin KDevelopSourceCodeAccess
LogPluginManager: Mounting plugin NullSourceCodeAccess
LogPluginManager: Mounting plugin Niagara
LogPluginManager: Mounting plugin PerforceSourceControl
LogPluginManager: Mounting plugin PlasticSourceControl
LogPluginManager: Mounting plugin AlembicImporter
LogPluginManager: Mounting plugin PixWinPlugin
LogPluginManager: Mounting plugin DatasmithContent
LogPluginManager: Mounting plugin PluginUtils
LogPluginManager: Mounting plugin PropertyAccessNode
LogPluginManager: Mounting plugin AutomationUtils
LogPluginManager: Mounting plugin BackChannel
LogPluginManager: Mounting plugin RiderSourceCodeAccess
LogPluginManager: Mounting plugin ChaosCloth
LogPluginManager: Mounting plugin ChaosClothEditor
LogPluginManager: Mounting plugin ChaosEditor
LogPluginManager: Mounting plugin SubversionSourceControl
LogPluginManager: Mounting plugin ChaosNiagara
LogPluginManager: Mounting plugin ChaosSolverPlugin
LogPluginManager: Mounting plugin TextureFormatOodle
LogPluginManager: Mounting plugin CharacterAI
LogPluginManager: Mounting plugin UObjectPlugin
LogPluginManager: Mounting plugin VisualStudioCodeSourceCodeAccess
LogPluginManager: Mounting plugin VisualStudioSourceCodeAccess
LogPluginManager: Mounting plugin XCodeSourceCodeAccess
LogPluginManager: Mounting plugin VariantManagerContent
LogPluginManager: Mounting plugin GeometryCache
LogPluginManager: Mounting plugin AssetManagerEditor
LogPluginManager: Mounting plugin GeometryCollectionPlugin
LogPluginManager: Mounting plugin CurveEditorTools
LogPluginManager: Mounting plugin CryptoKeys
LogPluginManager: Mounting plugin DataValidation
LogPluginManager: Mounting plugin FacialAnimation
LogPluginManager: Mounting plugin GameplayTagsEditor
LogPluginManager: Mounting plugin GeometryMode
LogPluginManager: Mounting plugin MacGraphicsSwitching
LogPluginManager: Mounting plugin MaterialAnalyzer
LogPluginManager: Mounting plugin PluginBrowser
LogPluginManager: Mounting plugin MobileLauncherProfileWizard
LogPluginManager: Mounting plugin SpeedTreeImporter
LogPluginManager: Mounting plugin GeometryProcessing
LogPluginManager: Mounting plugin OpenImageDenoise
LogPluginManager: Mounting plugin MotoSynth
LogPluginManager: Mounting plugin PlanarCut
LogPluginManager: Mounting plugin ProxyLODPlugin
LogPluginManager: Mounting plugin PythonScriptPlugin
LogPluginManager: Mounting plugin PlatformCrypto
LogPluginManager: Mounting plugin SkeletalReduction
LogPluginManager: Mounting plugin LuminPlatformFeatures
LogPluginManager: Mounting plugin MagicLeap
LogPluginManager: Mounting plugin MagicLeapLightEstimation
LogPluginManager: Mounting plugin MagicLeapMedia
LogPluginManager: Mounting plugin MLSDK
LogPluginManager: Mounting plugin BlockoutToolsPlugin
LogPluginManager: Mounting plugin MagicLeapPassableWorld
LogPluginManager: Mounting plugin TcpMessaging
LogPluginManager: Mounting plugin UdpMessaging
LogPluginManager: Mounting plugin AndroidMedia
LogPluginManager: Mounting plugin AvfMedia
LogPluginManager: Mounting plugin ImgMedia
LogPluginManager: Mounting plugin MediaCompositing
LogPluginManager: Mounting plugin MediaPlayerEditor
LogPluginManager: Mounting plugin WebMMedia
LogPluginManager: Mounting plugin WmfMedia
LogPluginManager: Mounting plugin OnlineSubsystem
LogPluginManager: Mounting plugin OnlineSubsystemNull
LogPluginManager: Mounting plugin OnlineSubsystemUtils
LogPluginManager: Mounting plugin LauncherChunkInstaller
LogPluginManager: Mounting plugin ActorSequence
LogPluginManager: Mounting plugin ActorLayerUtilities
LogPluginManager: Mounting plugin AndroidDeviceProfileSelector
LogPluginManager: Mounting plugin AndroidMoviePlayer
LogPluginManager: Mounting plugin LevelSequenceEditor
LogPluginManager: Mounting plugin MatineeToLevelSequence
LogPluginManager: Mounting plugin AppleMoviePlayer
LogPluginManager: Mounting plugin AppleImageUtils
LogPluginManager: Mounting plugin ArchVisCharacter
LogPluginManager: Mounting plugin AudioCapture
LogPluginManager: Mounting plugin AndroidPermission
LogPluginManager: Mounting plugin AudioSynesthesia
LogPluginManager: Mounting plugin CableComponent
LogPluginManager: Mounting plugin CustomMeshComponent
LogPluginManager: Mounting plugin AssetTags
LogPluginManager: Mounting plugin EditableMesh
LogPluginManager: Mounting plugin ChunkDownloader
LogPluginManager: Mounting plugin ExampleDeviceProfileSelector
LogPluginManager: Mounting plugin TemplateSequence
LogPluginManager: Mounting plugin GoogleCloudMessaging
LogPluginManager: Mounting plugin GooglePAD
LogPluginManager: Mounting plugin IOSDeviceProfileSelector
LogPluginManager: Mounting plugin LinuxDeviceProfileSelector
LogPluginManager: Mounting plugin LocationServicesBPLibrary
LogPluginManager: Mounting plugin MobilePatchingUtils
LogPluginManager: Mounting plugin ScreenshotTools
LogPluginManager: Mounting plugin OpenXRHandTracking
LogPluginManager: Mounting plugin PostSplashScreen
LogPluginManager: Mounting plugin PhysXVehicles
LogPluginManager: Mounting plugin PropertyAccessEditor
LogPluginManager: Mounting plugin ProceduralMeshComponent
LogPluginManager: Mounting plugin OpenXREyeTracker
LogPluginManager: Mounting plugin RuntimePhysXCooking
LogPluginManager: Mounting plugin SoundFields
LogPluginManager: Mounting plugin SignificanceManager
LogPluginManager: Mounting plugin OpenXR
LogPluginManager: Mounting plugin Synthesis
LogPluginManager: Mounting plugin WebMMoviePlayer
LogPluginManager: Mounting plugin WindowsMoviePlayer
LogPluginManager: Mounting plugin Takes
LogPluginManager: Mounting plugin CameraShakePreviewer
LogPluginManager: Mounting plugin GameplayCameras
LogPluginManager: Mounting plugin ContentBrowserFileDataSource
LogPluginManager: Mounting plugin ContentBrowserClassDataSource
LogPluginManager: Mounting plugin ContentBrowserAssetDataSource
LogPluginManager: Mounting plugin OnlineSubsystemGooglePlay
LogPluginManager: Mounting plugin OnlineSubsystemIOS
LogPluginManager: Mounting plugin OculusVR
LogPluginManager: Mounting plugin SteamVR
PixWinPlugin: PIX capture plugin failed to initialize! Check that the process is launched from PIX.
LogInit: Using libcurl 7.55.1-DEV
LogInit:  - built for x86_64-pc-win32
LogInit:  - supports SSL with OpenSSL/1.1.1
LogInit:  - supports HTTP deflate (compression) using libz 1.2.8
LogInit:  - other features:
LogInit:      CURL_VERSION_SSL
LogInit:      CURL_VERSION_LIBZ
LogInit:      CURL_VERSION_IPV6
LogInit:      CURL_VERSION_ASYNCHDNS
LogInit:      CURL_VERSION_LARGEFILE
LogInit:      CURL_VERSION_IDN
LogInit:  CurlRequestOptions (configurable via config and command line):
LogInit:  - bVerifyPeer = true  - Libcurl will verify peer certificate
LogInit:  - bUseHttpProxy = false  - Libcurl will NOT use HTTP proxy
LogInit:  - bDontReuseConnections = false  - Libcurl will reuse connections
LogInit:  - MaxHostConnections = 16  - Libcurl will limit the number of connections to a host
LogInit:  - LocalHostAddr = Default
LogInit:  - BufferSize = 65536
LogOnline: OSS: Creating online subsystem instance for: NULL
LogInit: WinSock: version 1.1 (2.2), MaxSocks=32767, MaxUdp=65467
LogOnline: OSS: TryLoadSubsystemAndSetDefault: Loaded subsystem for module [NULL]
LogOculusPluginWrapper: OculusPlugin initialized successfully
LogHMD: Failed initializing OVRPlugin 1.59.0
LogInit: Build: ++UE4+Release-4.27-CL-18319896
LogInit: Engine Version: 4.27.2-18319896+++UE4+Release-4.27
LogInit: Compatible Engine Version: 4.27.0-17155196+++UE4+Release-4.27
LogInit: Net CL: 17155196
LogInit: OS: Windows 10 (Release 2009) (), CPU: AMD Ryzen 5 3600 6-Core Processor              , GPU: NVIDIA GeForce RTX 2060 SUPER
LogInit: Compiled (64-bit): Nov 30 2021 07:12:08
LogInit: Compiled with Visual C++: 19.24.28315.00
LogInit: Build Configuration: Development
LogInit: Branch Name: ++UE4+Release-4.27
LogInit: Command Line: 
LogInit: Base Directory: F:/UE_4.27/Engine/Binaries/Win64/
LogInit: Allocator: TBB
LogInit: Installed Engine Build: 1
LogDevObjectVersion: Number of dev versions registered: 29
LogDevObjectVersion:   Dev-Blueprints (B0D832E4-1F89-4F0D-ACCF-7EB736FD4AA2): 10
LogDevObjectVersion:   Dev-Build (E1C64328-A22C-4D53-A36C-8E866417BD8C): 0
LogDevObjectVersion:   Dev-Core (375EC13C-06E4-48FB-B500-84F0262A717E): 4
LogDevObjectVersion:   Dev-Editor (E4B068ED-F494-42E9-A231-DA0B2E46BB41): 40
LogDevObjectVersion:   Dev-Framework (CFFC743F-43B0-4480-9391-14DF171D2073): 37
LogDevObjectVersion:   Dev-Mobile (B02B49B5-BB20-44E9-A304-32B752E40360): 3
LogDevObjectVersion:   Dev-Networking (A4E4105C-59A1-49B5-A7C5-40C4547EDFEE): 0
LogDevObjectVersion:   Dev-Online (39C831C9-5AE6-47DC-9A44-9C173E1C8E7C): 0
LogDevObjectVersion:   Dev-Physics (78F01B33-EBEA-4F98-B9B4-84EACCB95AA2): 14
LogDevObjectVersion:   Dev-Platform (6631380F-2D4D-43E0-8009-CF276956A95A): 0
LogDevObjectVersion:   Dev-Rendering (12F88B9F-8875-4AFC-A67C-D90C383ABD29): 45
LogDevObjectVersion:   Dev-Sequencer (7B5AE74C-D270-4C10-A958-57980B212A5A): 13
LogDevObjectVersion:   Dev-VR (D7296918-1DD6-4BDD-9DE2-64A83CC13884): 3
LogDevObjectVersion:   Dev-LoadTimes (C2A15278-BFE7-4AFE-6C17-90FF531DF755): 1
LogDevObjectVersion:   Private-Geometry (6EACA3D4-40EC-4CC1-B786-8BED09428FC5): 3
LogDevObjectVersion:   Dev-AnimPhys (29E575DD-E0A3-4627-9D10-D276232CDCEA): 17
LogDevObjectVersion:   Dev-Anim (AF43A65D-7FD3-4947-9873-3E8ED9C1BB05): 15
LogDevObjectVersion:   Dev-ReflectionCapture (6B266CEC-1EC7-4B8F-A30B-E4D90942FC07): 1
LogDevObjectVersion:   Dev-Automation (0DF73D61-A23F-47EA-B727-89E90C41499A): 1
LogDevObjectVersion:   FortniteMain (601D1886-AC64-4F84-AA16-D3DE0DEAC7D6): 47
LogDevObjectVersion:   FortniteRelease (E7086368-6B23-4C58-8439-1B7016265E91): 1
LogDevObjectVersion:   Dev-Enterprise (9DFFBCD6-494F-0158-E221-12823C92A888): 10
LogDevObjectVersion:   Dev-Niagara (F2AED0AC-9AFE-416F-8664-AA7FFA26D6FC): 1
LogDevObjectVersion:   Dev-Destruction (174F1F0B-B4C6-45A5-B13F-2EE8D0FB917D): 10
LogDevObjectVersion:   Dev-Physics-Ext (35F94A83-E258-406C-A318-09F59610247C): 41
LogDevObjectVersion:   Dev-PhysicsMaterial-Chaos (B68FC16E-8B1B-42E2-B453-215C058844FE): 1
LogDevObjectVersion:   Dev-CineCamera (B2E18506-4273-CFC2-A54E-F4BB758BBA07): 1
LogDevObjectVersion:   Dev-VirtualProduction (64F58936-FD1B-42BA-BA96-7289D5D0FA4E): 1
LogDevObjectVersion:   Dev-MediaFramework (6F0ED827-A609-4895-9C91-998D90180EA4): 2
LogInit: Presizing for max 25165824 objects, including 0 objects not considered by GC, pre-allocating 0 bytes for permanent pool.
LogConfig: Applying CVar settings from Section [/Script/Engine.StreamingSettings] File [F:/LaunchTitleProject/Saved/Config/Windows/Engine.ini]
LogConfig: Setting CVar [[s.MinBulkDataSizeForAsyncLoading:131072]]
LogConfig: Setting CVar [[s.AsyncLoadingThreadEnabled:0]]
LogConfig: Setting CVar [[s.EventDrivenLoaderEnabled:1]]
LogConfig: Setting CVar [[s.WarnIfTimeLimitExceeded:0]]
LogConfig: Setting CVar [[s.TimeLimitExceededMultiplier:1.5]]
LogConfig: Setting CVar [[s.TimeLimitExceededMinTime:0.005]]
LogConfig: Setting CVar [[s.UseBackgroundLevelStreaming:1]]
LogConfig: Setting CVar [[s.PriorityAsyncLoadingExtraTime:15.0]]
LogConfig: Setting CVar [[s.LevelStreamingActorsUpdateTimeLimit:5.0]]
LogConfig: Setting CVar [[s.PriorityLevelStreamingActorsUpdateExtraTime:5.0]]
LogConfig: Setting CVar [[s.LevelStreamingComponentsRegistrationGranularity:10]]
LogConfig: Setting CVar [[s.UnregisterComponentsTimeLimit:1.0]]
LogConfig: Setting CVar [[s.LevelStreamingComponentsUnregistrationGranularity:5]]
LogConfig: Setting CVar [[s.FlushStreamingOnExit:1]]
LogInit: Object subsystem initialized
LogConfig: Setting CVar [[con.DebugEarlyDefault:1]]
LogConfig: Setting CVar [[r.setres:1280x720]]
[2022.02.13-21.06.11:366][  0]LogConfig: Setting CVar [[r.VSync:0]]
[2022.02.13-21.06.11:366][  0]LogConfig: Setting CVar [[r.RHICmdBypass:0]]
[2022.02.13-21.06.11:366][  0]LogConfig: Applying CVar settings from Section [/Script/Engine.RendererSettings] File [F:/LaunchTitleProject/Saved/Config/Windows/Engine.ini]
[2022.02.13-21.06.11:366][  0]LogConfig: Setting CVar [[r.GPUCrashDebugging:0]]
[2022.02.13-21.06.11:366][  0]LogConfig: Applying CVar settings from Section [/Script/Engine.RendererOverrideSettings] File [F:/LaunchTitleProject/Saved/Config/Windows/Engine.ini]
[2022.02.13-21.06.11:366][  0]LogConfig: Applying CVar settings from Section [/Script/Engine.StreamingSettings] File [F:/LaunchTitleProject/Saved/Config/Windows/Engine.ini]
[2022.02.13-21.06.11:366][  0]LogConfig: Setting CVar [[s.MinBulkDataSizeForAsyncLoading:131072]]
[2022.02.13-21.06.11:366][  0]LogConfig: Setting CVar [[s.AsyncLoadingThreadEnabled:0]]
[2022.02.13-21.06.11:366][  0]LogConfig: Setting CVar [[s.EventDrivenLoaderEnabled:1]]
[2022.02.13-21.06.11:366][  0]LogConfig: Setting CVar [[s.WarnIfTimeLimitExceeded:0]]
[2022.02.13-21.06.11:366][  0]LogConfig: Setting CVar [[s.TimeLimitExceededMultiplier:1.5]]
[2022.02.13-21.06.11:366][  0]LogConfig: Setting CVar [[s.TimeLimitExceededMinTime:0.005]]
[2022.02.13-21.06.11:366][  0]LogConfig: Setting CVar [[s.UseBackgroundLevelStreaming:1]]
[2022.02.13-21.06.11:366][  0]LogConfig: Setting CVar [[s.PriorityAsyncLoadingExtraTime:15.0]]
[2022.02.13-21.06.11:366][  0]LogConfig: Setting CVar [[s.LevelStreamingActorsUpdateTimeLimit:5.0]]
[2022.02.13-21.06.11:366][  0]LogConfig: Setting CVar [[s.PriorityLevelStreamingActorsUpdateExtraTime:5.0]]
[2022.02.13-21.06.11:366][  0]LogConfig: Setting CVar [[s.LevelStreamingComponentsRegistrationGranularity:10]]
[2022.02.13-21.06.11:366][  0]LogConfig: Setting CVar [[s.UnregisterComponentsTimeLimit:1.0]]
[2022.02.13-21.06.11:366][  0]LogConfig: Setting CVar [[s.LevelStreamingComponentsUnregistrationGranularity:5]]
[2022.02.13-21.06.11:366][  0]LogConfig: Setting CVar [[s.FlushStreamingOnExit:1]]
[2022.02.13-21.06.11:366][  0]LogConfig: Applying CVar settings from Section [/Script/Engine.GarbageCollectionSettings] File [F:/LaunchTitleProject/Saved/Config/Windows/Engine.ini]
[2022.02.13-21.06.11:366][  0]LogConfig: Setting CVar [[gc.MaxObjectsNotConsideredByGC:1]]
[2022.02.13-21.06.11:366][  0]LogConfig: Setting CVar [[gc.SizeOfPermanentObjectPool:0]]
[2022.02.13-21.06.11:366][  0]LogConfig: Setting CVar [[gc.FlushStreamingOnGC:0]]
[2022.02.13-21.06.11:366][  0]LogConfig: Setting CVar [[gc.NumRetriesBeforeForcingGC:10]]
[2022.02.13-21.06.11:366][  0]LogConfig: Setting CVar [[gc.AllowParallelGC:1]]
[2022.02.13-21.06.11:366][  0]LogConfig: Setting CVar [[gc.TimeBetweenPurgingPendingKillObjects:61.1]]
[2022.02.13-21.06.11:366][  0]LogConfig: Setting CVar [[gc.MaxObjectsInEditor:25165824]]
[2022.02.13-21.06.11:366][  0]LogConfig: Setting CVar [[gc.IncrementalBeginDestroyEnabled:1]]
[2022.02.13-21.06.11:366][  0]LogConfig: Setting CVar [[gc.CreateGCClusters:1]]
[2022.02.13-21.06.11:366][  0]LogConfig: Setting CVar [[gc.MinGCClusterSize:5]]
[2022.02.13-21.06.11:366][  0]LogConfig: Setting CVar [[gc.ActorClusteringEnabled:0]]
[2022.02.13-21.06.11:366][  0]LogConfig: Setting CVar [[gc.BlueprintClusteringEnabled:0]]
[2022.02.13-21.06.11:366][  0]LogConfig: Setting CVar [[gc.UseDisregardForGCOnDedicatedServers:0]]
[2022.02.13-21.06.11:366][  0]LogConfig: Setting CVar [[gc.MultithreadedDestructionEnabled:1]]
[2022.02.13-21.06.11:366][  0]LogConfig: Applying CVar settings from Section [/Script/Engine.NetworkSettings] File [F:/LaunchTitleProject/Saved/Config/Windows/Engine.ini]
[2022.02.13-21.06.11:366][  0]LogConfig: Applying CVar settings from Section [/Script/UnrealEd.CookerSettings] File [F:/LaunchTitleProject/Saved/Config/Windows/Engine.ini]
[2022.02.13-21.06.11:406][  0]LogConfig: Applying CVar settings from Section [ViewDistanceQuality@3] File [F:/LaunchTitleProject/Saved/Config/Windows/Scalability.ini]
[2022.02.13-21.06.11:406][  0]LogConfig: Setting CVar [[r.SkeletalMeshLODBias:0]]
[2022.02.13-21.06.11:406][  0]LogConfig: Setting CVar [[r.ViewDistanceScale:1.0]]
[2022.02.13-21.06.11:406][  0]LogConfig: Applying CVar settings from Section [AntiAliasingQuality@3] File [F:/LaunchTitleProject/Saved/Config/Windows/Scalability.ini]
[2022.02.13-21.06.11:406][  0]LogConfig: Setting CVar [[r.PostProcessAAQuality:4]]
[2022.02.13-21.06.11:406][  0]LogConfig: Applying CVar settings from Section [ShadowQuality@3] File [F:/LaunchTitleProject/Saved/Config/Windows/Scalability.ini]
[2022.02.13-21.06.11:406][  0]LogConfig: Setting CVar [[r.LightFunctionQuality:1]]
[2022.02.13-21.06.11:406][  0]LogConfig: Setting CVar [[r.ShadowQuality:5]]
[2022.02.13-21.06.11:406][  0]LogConfig: Setting CVar [[r.Shadow.CSM.MaxCascades:10]]
[2022.02.13-21.06.11:406][  0]LogConfig: Setting CVar [[r.Shadow.MaxResolution:2048]]
[2022.02.13-21.06.11:406][  0]LogConfig: Setting CVar [[r.Shadow.MaxCSMResolution:2048]]
[2022.02.13-21.06.11:406][  0]LogConfig: Setting CVar [[r.Shadow.RadiusThreshold:0.01]]
[2022.02.13-21.06.11:406][  0]LogConfig: Setting CVar [[r.Shadow.DistanceScale:1.0]]
[2022.02.13-21.06.11:406][  0]LogConfig: Setting CVar [[r.Shadow.CSM.TransitionScale:1.0]]
[2022.02.13-21.06.11:406][  0]LogConfig: Setting CVar [[r.Shadow.PreShadowResolutionFactor:1.0]]
[2022.02.13-21.06.11:406][  0]LogConfig: Setting CVar [[r.DistanceFieldShadowing:1]]
[2022.02.13-21.06.11:406][  0]LogConfig: Setting CVar [[r.DistanceFieldAO:1]]
[2022.02.13-21.06.11:406][  0]LogConfig: Setting CVar [[r.AOQuality:2]]
[2022.02.13-21.06.11:406][  0]LogConfig: Setting CVar [[r.VolumetricFog:1]]
[2022.02.13-21.06.11:406][  0]LogConfig: Setting CVar [[r.VolumetricFog.GridPixelSize:8]]
[2022.02.13-21.06.11:406][  0]LogConfig: Setting CVar [[r.VolumetricFog.GridSizeZ:128]]
[2022.02.13-21.06.11:406][  0]LogConfig: Setting CVar [[r.VolumetricFog.HistoryMissSupersampleCount:4]]
[2022.02.13-21.06.11:406][  0]LogConfig: Setting CVar [[r.LightMaxDrawDistanceScale:1]]
[2022.02.13-21.06.11:407][  0]LogConfig: Setting CVar [[r.CapsuleShadows:1]]
[2022.02.13-21.06.11:407][  0]LogConfig: Applying CVar settings from Section [PostProcessQuality@3] File [F:/LaunchTitleProject/Saved/Config/Windows/Scalability.ini]
[2022.02.13-21.06.11:407][  0]LogConfig: Setting CVar [[r.MotionBlurQuality:4]]
[2022.02.13-21.06.11:407][  0]LogConfig: Setting CVar [[r.AmbientOcclusionMipLevelFactor:0.4]]
[2022.02.13-21.06.11:407][  0]LogConfig: Setting CVar [[r.AmbientOcclusionMaxQuality:100]]
[2022.02.13-21.06.11:407][  0]LogConfig: Setting CVar [[r.AmbientOcclusionLevels:-1]]
[2022.02.13-21.06.11:407][  0]LogConfig: Setting CVar [[r.AmbientOcclusionRadiusScale:1.0]]
[2022.02.13-21.06.11:407][  0]LogConfig: Setting CVar [[r.DepthOfFieldQuality:2]]
[2022.02.13-21.06.11:407][  0]LogConfig: Setting CVar [[r.RenderTargetPoolMin:400]]
[2022.02.13-21.06.11:407][  0]LogConfig: Setting CVar [[r.LensFlareQuality:2]]
[2022.02.13-21.06.11:407][  0]LogConfig: Setting CVar [[r.SceneColorFringeQuality:1]]
[2022.02.13-21.06.11:407][  0]LogConfig: Setting CVar [[r.EyeAdaptationQuality:2]]
[2022.02.13-21.06.11:407][  0]LogConfig: Setting CVar [[r.BloomQuality:5]]
[2022.02.13-21.06.11:407][  0]LogConfig: Setting CVar [[r.FastBlurThreshold:100]]
[2022.02.13-21.06.11:407][  0]LogConfig: Setting CVar [[r.Upscale.Quality:3]]
[2022.02.13-21.06.11:407][  0]LogConfig: Setting CVar [[r.Tonemapper.GrainQuantization:1]]
[2022.02.13-21.06.11:407][  0]LogConfig: Setting CVar [[r.LightShaftQuality:1]]
[2022.02.13-21.06.11:407][  0]LogConfig: Setting CVar [[r.Filter.SizeScale:1]]
[2022.02.13-21.06.11:407][  0]LogConfig: Setting CVar [[r.Tonemapper.Quality:5]]
[2022.02.13-21.06.11:407][  0]LogConfig: Setting CVar [[r.DOF.Gather.AccumulatorQuality:1        ; higher gathering accumulator quality]]
[2022.02.13-21.06.11:407][  0]LogConfig: Setting CVar [[r.DOF.Gather.PostfilterMethod:1          ; Median3x3 postfilering method]]
[2022.02.13-21.06.11:407][  0]LogConfig: Setting CVar [[r.DOF.Gather.EnableBokehSettings:0       ; no bokeh simulation when gathering]]
[2022.02.13-21.06.11:407][  0]LogConfig: Setting CVar [[r.DOF.Gather.RingCount:4                 ; medium number of samples when gathering]]
[2022.02.13-21.06.11:407][  0]LogConfig: Setting CVar [[r.DOF.Scatter.ForegroundCompositing:1    ; additive foreground scattering]]
[2022.02.13-21.06.11:407][  0]LogConfig: Setting CVar [[r.DOF.Scatter.BackgroundCompositing:2    ; additive background scattering]]
[2022.02.13-21.06.11:407][  0]LogConfig: Setting CVar [[r.DOF.Scatter.EnableBokehSettings:1      ; bokeh simulation when scattering]]
[2022.02.13-21.06.11:407][  0]LogConfig: Setting CVar [[r.DOF.Scatter.MaxSpriteRatio:0.1         ; only a maximum of 10% of scattered bokeh]]
[2022.02.13-21.06.11:407][  0]LogConfig: Setting CVar [[r.DOF.Recombine.Quality:1                ; cheap slight out of focus]]
[2022.02.13-21.06.11:407][  0]LogConfig: Setting CVar [[r.DOF.Recombine.EnableBokehSettings:0    ; no bokeh simulation on slight out of focus]]
[2022.02.13-21.06.11:407][  0]LogConfig: Setting CVar [[r.DOF.TemporalAAQuality:1                ; more stable temporal accumulation]]
[2022.02.13-21.06.11:407][  0]LogConfig: Setting CVar [[r.DOF.Kernel.MaxForegroundRadius:0.025]]
[2022.02.13-21.06.11:407][  0]LogConfig: Setting CVar [[r.DOF.Kernel.MaxBackgroundRadius:0.025]]
[2022.02.13-21.06.11:407][  0]LogConfig: Applying CVar settings from Section [TextureQuality@3] File [F:/LaunchTitleProject/Saved/Config/Windows/Scalability.ini]
[2022.02.13-21.06.11:407][  0]LogConfig: Setting CVar [[r.Streaming.MipBias:0]]
[2022.02.13-21.06.11:407][  0]LogConfig: Setting CVar [[r.Streaming.AmortizeCPUToGPUCopy:0]]
[2022.02.13-21.06.11:407][  0]LogConfig: Setting CVar [[r.Streaming.MaxNumTexturesToStreamPerFrame:0]]
[2022.02.13-21.06.11:407][  0]LogConfig: Setting CVar [[r.Streaming.Boost:1]]
[2022.02.13-21.06.11:407][  0]LogConfig: Setting CVar [[r.MaxAnisotropy:8]]
[2022.02.13-21.06.11:407][  0]LogConfig: Setting CVar [[r.VT.MaxAnisotropy:8]]
[2022.02.13-21.06.11:407][  0]LogConfig: Setting CVar [[r.Streaming.LimitPoolSizeToVRAM:0]]
[2022.02.13-21.06.11:407][  0]LogConfig: Setting CVar [[r.Streaming.PoolSize:1000]]
[2022.02.13-21.06.11:407][  0]LogConfig: Setting CVar [[r.Streaming.MaxEffectiveScreenSize:0]]
[2022.02.13-21.06.11:407][  0]LogConfig: Applying CVar settings from Section [EffectsQuality@3] File [F:/LaunchTitleProject/Saved/Config/Windows/Scalability.ini]
[2022.02.13-21.06.11:407][  0]LogConfig: Setting CVar [[r.TranslucencyLightingVolumeDim:64]]
[2022.02.13-21.06.11:407][  0]LogConfig: Setting CVar [[r.RefractionQuality:2]]
[2022.02.13-21.06.11:407][  0]LogConfig: Setting CVar [[r.SSR.Quality:3]]
[2022.02.13-21.06.11:407][  0]LogConfig: Setting CVar [[r.SSR.HalfResSceneColor:0]]
[2022.02.13-21.06.11:407][  0]LogConfig: Setting CVar [[r.SceneColorFormat:4]]
[2022.02.13-21.06.11:407][  0]LogConfig: Setting CVar [[r.DetailMode:2]]
[2022.02.13-21.06.11:407][  0]LogConfig: Setting CVar [[r.TranslucencyVolumeBlur:1]]
[2022.02.13-21.06.11:407][  0]LogConfig: Setting CVar [[r.MaterialQualityLevel:1 ; High quality]]
[2022.02.13-21.06.11:407][  0]LogConfig: Setting CVar [[r.AnisotropicMaterials:1]]
[2022.02.13-21.06.11:407][  0]LogConfig: Setting CVar [[r.SSS.Scale:1]]
[2022.02.13-21.06.11:407][  0]LogConfig: Setting CVar [[r.SSS.SampleSet:2]]
[2022.02.13-21.06.11:407][  0]LogConfig: Setting CVar [[r.SSS.Quality:1]]
[2022.02.13-21.06.11:407][  0]LogConfig: Setting CVar [[r.SSS.HalfRes:0]]
[2022.02.13-21.06.11:407][  0]LogConfig: Setting CVar [[r.SSGI.Quality:3]]
[2022.02.13-21.06.11:407][  0]LogConfig: Setting CVar [[r.EmitterSpawnRateScale:1.0]]
[2022.02.13-21.06.11:407][  0]LogConfig: Setting CVar [[r.ParticleLightQuality:2]]
[2022.02.13-21.06.11:407][  0]LogConfig: Setting CVar [[r.SkyAtmosphere.AerialPerspectiveLUT.FastApplyOnOpaque:1 ; Always have FastSkyLUT 1 in this case to avoid wrong sky]]
[2022.02.13-21.06.11:407][  0]LogConfig: Setting CVar [[r.SkyAtmosphere.AerialPerspectiveLUT.SampleCountMaxPerSlice:4]]
[2022.02.13-21.06.11:407][  0]LogConfig: Setting CVar [[r.SkyAtmosphere.AerialPerspectiveLUT.DepthResolution:16.0]]
[2022.02.13-21.06.11:407][  0]LogConfig: Setting CVar [[r.SkyAtmosphere.FastSkyLUT:1]]
[2022.02.13-21.06.11:407][  0]LogConfig: Setting CVar [[r.SkyAtmosphere.FastSkyLUT.SampleCountMin:4.0]]
[2022.02.13-21.06.11:407][  0]LogConfig: Setting CVar [[r.SkyAtmosphere.FastSkyLUT.SampleCountMax:128.0]]
[2022.02.13-21.06.11:407][  0]LogConfig: Setting CVar [[r.SkyAtmosphere.SampleCountMin:4.0]]
[2022.02.13-21.06.11:407][  0]LogConfig: Setting CVar [[r.SkyAtmosphere.SampleCountMax:128.0]]
[2022.02.13-21.06.11:407][  0]LogConfig: Setting CVar [[r.SkyAtmosphere.TransmittanceLUT.UseSmallFormat:0]]
[2022.02.13-21.06.11:407][  0]LogConfig: Setting CVar [[r.SkyAtmosphere.TransmittanceLUT.SampleCount:10.0]]
[2022.02.13-21.06.11:407][  0]LogConfig: Setting CVar [[r.SkyAtmosphere.MultiScatteringLUT.SampleCount:15.0]]
[2022.02.13-21.06.11:407][  0]LogConfig: Setting CVar [[r.SkyLight.RealTimeReflectionCapture:1]]
[2022.02.13-21.06.11:407][  0]LogConfig: Applying CVar settings from Section [FoliageQuality@3] File [F:/LaunchTitleProject/Saved/Config/Windows/Scalability.ini]
[2022.02.13-21.06.11:407][  0]LogConfig: Setting CVar [[foliage.DensityScale:1.0]]
[2022.02.13-21.06.11:407][  0]LogConfig: Setting CVar [[grass.DensityScale:1.0]]
[2022.02.13-21.06.11:407][  0]LogConfig: Applying CVar settings from Section [ShadingQuality@3] File [F:/LaunchTitleProject/Saved/Config/Windows/Scalability.ini]
[2022.02.13-21.06.11:407][  0]LogConfig: Setting CVar [[r.HairStrands.SkyLighting.IntegrationType:2]]
[2022.02.13-21.06.11:407][  0]LogConfig: Setting CVar [[r.HairStrands.SkyAO.SampleCount:4]]
[2022.02.13-21.06.11:407][  0]LogConfig: Setting CVar [[r.HairStrands.Visibility.MSAA.SamplePerPixel:4]]
[2022.02.13-21.06.11:407][  0]LogInit: Selected Device Profile: [Windows]
[2022.02.13-21.06.11:407][  0]LogInit: Applying CVar settings loaded from the selected device profile: [Windows]
[2022.02.13-21.06.11:408][  0]LogHAL: Display: Platform has ~ 16 GB [17114419200 / 17179869184 / 16], which maps to Larger [LargestMinGB=32, LargerMinGB=12, DefaultMinGB=8, SmallerMinGB=6, SmallestMinGB=0)
[2022.02.13-21.06.11:408][  0]LogInit: Going up to parent DeviceProfile []
[2022.02.13-21.06.11:408][  0]LogConfig: Applying CVar settings from Section [ViewDistanceQuality@3] File [F:/LaunchTitleProject/Saved/Config/Windows/Scalability.ini]
[2022.02.13-21.06.11:408][  0]LogConfig: Setting CVar [[r.SkeletalMeshLODBias:0]]
[2022.02.13-21.06.11:408][  0]LogConfig: Setting CVar [[r.ViewDistanceScale:1.0]]
[2022.02.13-21.06.11:408][  0]LogConfig: Applying CVar settings from Section [AntiAliasingQuality@3] File [F:/LaunchTitleProject/Saved/Config/Windows/Scalability.ini]
[2022.02.13-21.06.11:408][  0]LogConfig: Setting CVar [[r.PostProcessAAQuality:4]]
[2022.02.13-21.06.11:408][  0]LogConfig: Applying CVar settings from Section [ShadowQuality@3] File [F:/LaunchTitleProject/Saved/Config/Windows/Scalability.ini]
[2022.02.13-21.06.11:408][  0]LogConfig: Setting CVar [[r.LightFunctionQuality:1]]
[2022.02.13-21.06.11:408][  0]LogConfig: Setting CVar [[r.ShadowQuality:5]]
[2022.02.13-21.06.11:408][  0]LogConfig: Setting CVar [[r.Shadow.CSM.MaxCascades:10]]
[2022.02.13-21.06.11:408][  0]LogConfig: Setting CVar [[r.Shadow.MaxResolution:2048]]
[2022.02.13-21.06.11:408][  0]LogConfig: Setting CVar [[r.Shadow.MaxCSMResolution:2048]]
[2022.02.13-21.06.11:408][  0]LogConfig: Setting CVar [[r.Shadow.RadiusThreshold:0.01]]
[2022.02.13-21.06.11:408][  0]LogConfig: Setting CVar [[r.Shadow.DistanceScale:1.0]]
[2022.02.13-21.06.11:408][  0]LogConfig: Setting CVar [[r.Shadow.CSM.TransitionScale:1.0]]
[2022.02.13-21.06.11:408][  0]LogConfig: Setting CVar [[r.Shadow.PreShadowResolutionFactor:1.0]]
[2022.02.13-21.06.11:408][  0]LogConfig: Setting CVar [[r.DistanceFieldShadowing:1]]
[2022.02.13-21.06.11:408][  0]LogConfig: Setting CVar [[r.DistanceFieldAO:1]]
[2022.02.13-21.06.11:408][  0]LogConfig: Setting CVar [[r.AOQuality:2]]
[2022.02.13-21.06.11:408][  0]LogConfig: Setting CVar [[r.VolumetricFog:1]]
[2022.02.13-21.06.11:408][  0]LogConfig: Setting CVar [[r.VolumetricFog.GridPixelSize:8]]
[2022.02.13-21.06.11:408][  0]LogConfig: Setting CVar [[r.VolumetricFog.GridSizeZ:128]]
[2022.02.13-21.06.11:408][  0]LogConfig: Setting CVar [[r.VolumetricFog.HistoryMissSupersampleCount:4]]
[2022.02.13-21.06.11:408][  0]LogConfig: Setting CVar [[r.LightMaxDrawDistanceScale:1]]
[2022.02.13-21.06.11:408][  0]LogConfig: Setting CVar [[r.CapsuleShadows:1]]
[2022.02.13-21.06.11:408][  0]LogConfig: Applying CVar settings from Section [PostProcessQuality@3] File [F:/LaunchTitleProject/Saved/Config/Windows/Scalability.ini]
[2022.02.13-21.06.11:408][  0]LogConfig: Setting CVar [[r.MotionBlurQuality:4]]
[2022.02.13-21.06.11:408][  0]LogConfig: Setting CVar [[r.AmbientOcclusionMipLevelFactor:0.4]]
[2022.02.13-21.06.11:408][  0]LogConfig: Setting CVar [[r.AmbientOcclusionMaxQuality:100]]
[2022.02.13-21.06.11:408][  0]LogConfig: Setting CVar [[r.AmbientOcclusionLevels:-1]]
[2022.02.13-21.06.11:408][  0]LogConfig: Setting CVar [[r.AmbientOcclusionRadiusScale:1.0]]
[2022.02.13-21.06.11:408][  0]LogConfig: Setting CVar [[r.DepthOfFieldQuality:2]]
[2022.02.13-21.06.11:408][  0]LogConfig: Setting CVar [[r.RenderTargetPoolMin:400]]
[2022.02.13-21.06.11:408][  0]LogConfig: Setting CVar [[r.LensFlareQuality:2]]
[2022.02.13-21.06.11:408][  0]LogConfig: Setting CVar [[r.SceneColorFringeQuality:1]]
[2022.02.13-21.06.11:408][  0]LogConfig: Setting CVar [[r.EyeAdaptationQuality:2]]
[2022.02.13-21.06.11:408][  0]LogConfig: Setting CVar [[r.BloomQuality:5]]
[2022.02.13-21.06.11:408][  0]LogConfig: Setting CVar [[r.FastBlurThreshold:100]]
[2022.02.13-21.06.11:408][  0]LogConfig: Setting CVar [[r.Upscale.Quality:3]]
[2022.02.13-21.06.11:408][  0]LogConfig: Setting CVar [[r.Tonemapper.GrainQuantization:1]]
[2022.02.13-21.06.11:408][  0]LogConfig: Setting CVar [[r.LightShaftQuality:1]]
[2022.02.13-21.06.11:408][  0]LogConfig: Setting CVar [[r.Filter.SizeScale:1]]
[2022.02.13-21.06.11:408][  0]LogConfig: Setting CVar [[r.Tonemapper.Quality:5]]
[2022.02.13-21.06.11:408][  0]LogConfig: Setting CVar [[r.DOF.Gather.AccumulatorQuality:1        ; higher gathering accumulator quality]]
[2022.02.13-21.06.11:408][  0]LogConfig: Setting CVar [[r.DOF.Gather.PostfilterMethod:1          ; Median3x3 postfilering method]]
[2022.02.13-21.06.11:408][  0]LogConfig: Setting CVar [[r.DOF.Gather.EnableBokehSettings:0       ; no bokeh simulation when gathering]]
[2022.02.13-21.06.11:408][  0]LogConfig: Setting CVar [[r.DOF.Gather.RingCount:4                 ; medium number of samples when gathering]]
[2022.02.13-21.06.11:408][  0]LogConfig: Setting CVar [[r.DOF.Scatter.ForegroundCompositing:1    ; additive foreground scattering]]
[2022.02.13-21.06.11:408][  0]LogConfig: Setting CVar [[r.DOF.Scatter.BackgroundCompositing:2    ; additive background scattering]]
[2022.02.13-21.06.11:408][  0]LogConfig: Setting CVar [[r.DOF.Scatter.EnableBokehSettings:1      ; bokeh simulation when scattering]]
[2022.02.13-21.06.11:408][  0]LogConfig: Setting CVar [[r.DOF.Scatter.MaxSpriteRatio:0.1         ; only a maximum of 10% of scattered bokeh]]
[2022.02.13-21.06.11:408][  0]LogConfig: Setting CVar [[r.DOF.Recombine.Quality:1                ; cheap slight out of focus]]
[2022.02.13-21.06.11:408][  0]LogConfig: Setting CVar [[r.DOF.Recombine.EnableBokehSettings:0    ; no bokeh simulation on slight out of focus]]
[2022.02.13-21.06.11:408][  0]LogConfig: Setting CVar [[r.DOF.TemporalAAQuality:1                ; more stable temporal accumulation]]
[2022.02.13-21.06.11:408][  0]LogConfig: Setting CVar [[r.DOF.Kernel.MaxForegroundRadius:0.025]]
[2022.02.13-21.06.11:408][  0]LogConfig: Setting CVar [[r.DOF.Kernel.MaxBackgroundRadius:0.025]]
[2022.02.13-21.06.11:408][  0]LogConfig: Applying CVar settings from Section [TextureQuality@3] File [F:/LaunchTitleProject/Saved/Config/Windows/Scalability.ini]
[2022.02.13-21.06.11:408][  0]LogConfig: Setting CVar [[r.Streaming.MipBias:0]]
[2022.02.13-21.06.11:408][  0]LogConfig: Setting CVar [[r.Streaming.AmortizeCPUToGPUCopy:0]]
[2022.02.13-21.06.11:408][  0]LogConfig: Setting CVar [[r.Streaming.MaxNumTexturesToStreamPerFrame:0]]
[2022.02.13-21.06.11:408][  0]LogConfig: Setting CVar [[r.Streaming.Boost:1]]
[2022.02.13-21.06.11:408][  0]LogConfig: Setting CVar [[r.MaxAnisotropy:8]]
[2022.02.13-21.06.11:408][  0]LogConfig: Setting CVar [[r.VT.MaxAnisotropy:8]]
[2022.02.13-21.06.11:408][  0]LogConfig: Setting CVar [[r.Streaming.LimitPoolSizeToVRAM:0]]
[2022.02.13-21.06.11:408][  0]LogConfig: Setting CVar [[r.Streaming.PoolSize:1000]]
[2022.02.13-21.06.11:408][  0]LogConfig: Setting CVar [[r.Streaming.MaxEffectiveScreenSize:0]]
[2022.02.13-21.06.11:408][  0]LogConfig: Applying CVar settings from Section [EffectsQuality@3] File [F:/LaunchTitleProject/Saved/Config/Windows/Scalability.ini]
[2022.02.13-21.06.11:408][  0]LogConfig: Setting CVar [[r.TranslucencyLightingVolumeDim:64]]
[2022.02.13-21.06.11:408][  0]LogConfig: Setting CVar [[r.RefractionQuality:2]]
[2022.02.13-21.06.11:408][  0]LogConfig: Setting CVar [[r.SSR.Quality:3]]
[2022.02.13-21.06.11:408][  0]LogConfig: Setting CVar [[r.SSR.HalfResSceneColor:0]]
[2022.02.13-21.06.11:408][  0]LogConfig: Setting CVar [[r.SceneColorFormat:4]]
[2022.02.13-21.06.11:409][  0]LogConfig: Setting CVar [[r.DetailMode:2]]
[2022.02.13-21.06.11:409][  0]LogConfig: Setting CVar [[r.TranslucencyVolumeBlur:1]]
[2022.02.13-21.06.11:409][  0]LogConfig: Setting CVar [[r.MaterialQualityLevel:1 ; High quality]]
[2022.02.13-21.06.11:409][  0]LogConfig: Setting CVar [[r.AnisotropicMaterials:1]]
[2022.02.13-21.06.11:409][  0]LogConfig: Setting CVar [[r.SSS.Scale:1]]
[2022.02.13-21.06.11:409][  0]LogConfig: Setting CVar [[r.SSS.SampleSet:2]]
[2022.02.13-21.06.11:409][  0]LogConfig: Setting CVar [[r.SSS.Quality:1]]
[2022.02.13-21.06.11:409][  0]LogConfig: Setting CVar [[r.SSS.HalfRes:0]]
[2022.02.13-21.06.11:409][  0]LogConfig: Setting CVar [[r.SSGI.Quality:3]]
[2022.02.13-21.06.11:409][  0]LogConfig: Setting CVar [[r.EmitterSpawnRateScale:1.0]]
[2022.02.13-21.06.11:409][  0]LogConfig: Setting CVar [[r.ParticleLightQuality:2]]
[2022.02.13-21.06.11:409][  0]LogConfig: Setting CVar [[r.SkyAtmosphere.AerialPerspectiveLUT.FastApplyOnOpaque:1 ; Always have FastSkyLUT 1 in this case to avoid wrong sky]]
[2022.02.13-21.06.11:409][  0]LogConfig: Setting CVar [[r.SkyAtmosphere.AerialPerspectiveLUT.SampleCountMaxPerSlice:4]]
[2022.02.13-21.06.11:409][  0]LogConfig: Setting CVar [[r.SkyAtmosphere.AerialPerspectiveLUT.DepthResolution:16.0]]
[2022.02.13-21.06.11:409][  0]LogConfig: Setting CVar [[r.SkyAtmosphere.FastSkyLUT:1]]
[2022.02.13-21.06.11:409][  0]LogConfig: Setting CVar [[r.SkyAtmosphere.FastSkyLUT.SampleCountMin:4.0]]
[2022.02.13-21.06.11:409][  0]LogConfig: Setting CVar [[r.SkyAtmosphere.FastSkyLUT.SampleCountMax:128.0]]
[2022.02.13-21.06.11:409][  0]LogConfig: Setting CVar [[r.SkyAtmosphere.SampleCountMin:4.0]]
[2022.02.13-21.06.11:409][  0]LogConfig: Setting CVar [[r.SkyAtmosphere.SampleCountMax:128.0]]
[2022.02.13-21.06.11:409][  0]LogConfig: Setting CVar [[r.SkyAtmosphere.TransmittanceLUT.UseSmallFormat:0]]
[2022.02.13-21.06.11:409][  0]LogConfig: Setting CVar [[r.SkyAtmosphere.TransmittanceLUT.SampleCount:10.0]]
[2022.02.13-21.06.11:409][  0]LogConfig: Setting CVar [[r.SkyAtmosphere.MultiScatteringLUT.SampleCount:15.0]]
[2022.02.13-21.06.11:409][  0]LogConfig: Setting CVar [[r.SkyLight.RealTimeReflectionCapture:1]]
[2022.02.13-21.06.11:409][  0]LogConfig: Applying CVar settings from Section [FoliageQuality@3] File [F:/LaunchTitleProject/Saved/Config/Windows/Scalability.ini]
[2022.02.13-21.06.11:409][  0]LogConfig: Setting CVar [[foliage.DensityScale:1.0]]
[2022.02.13-21.06.11:409][  0]LogConfig: Setting CVar [[grass.DensityScale:1.0]]
[2022.02.13-21.06.11:409][  0]LogConfig: Applying CVar settings from Section [ShadingQuality@3] File [F:/LaunchTitleProject/Saved/Config/Windows/Scalability.ini]
[2022.02.13-21.06.11:409][  0]LogConfig: Setting CVar [[r.HairStrands.SkyLighting.IntegrationType:2]]
[2022.02.13-21.06.11:409][  0]LogConfig: Setting CVar [[r.HairStrands.SkyAO.SampleCount:4]]
[2022.02.13-21.06.11:409][  0]LogConfig: Setting CVar [[r.HairStrands.Visibility.MSAA.SamplePerPixel:4]]
[2022.02.13-21.06.11:409][  0]LogConfig: Applying CVar settings from Section [Startup] File [../../../Engine/Config/ConsoleVariables.ini]
[2022.02.13-21.06.11:410][  0]LogConfig: Setting CVar [[net.UseAdaptiveNetUpdateFrequency:0]]
[2022.02.13-21.06.11:410][  0]LogConfig: Setting CVar [[p.chaos.AllowCreatePhysxBodies:1]]
[2022.02.13-21.06.11:410][  0]LogConfig: Setting CVar [[fx.SkipVectorVMBackendOptimizations:1]]
[2022.02.13-21.06.11:410][  0]LogConfig: Applying CVar settings from Section [ConsoleVariables] File [F:/LaunchTitleProject/Saved/Config/Windows/Engine.ini]
[2022.02.13-21.06.11:410][  0]LogConfig: Applying CVar settings from Section [ConsoleVariables] File [F:/LaunchTitleProject/Saved/Config/Windows/Editor.ini]
[2022.02.13-21.06.11:410][  0]LogInit: Computer: DESKTOP-1GV070L
[2022.02.13-21.06.11:410][  0]LogInit: User: turlo
[2022.02.13-21.06.11:410][  0]LogInit: CPU Page size=4096, Cores=6
[2022.02.13-21.06.11:410][  0]LogInit: High frequency timer resolution =10.000000 MHz
[2022.02.13-21.06.11:410][  0]LogMemory: Memory total: Physical=15.9GB (16GB approx)
[2022.02.13-21.06.11:410][  0]LogMemory: Platform Memory Stats for Windows
[2022.02.13-21.06.11:410][  0]LogMemory: Process Physical Memory: 148.51 MB used, 148.51 MB peak
[2022.02.13-21.06.11:410][  0]LogMemory: Process Virtual Memory: 131.91 MB used, 131.91 MB peak
[2022.02.13-21.06.11:410][  0]LogMemory: Physical Memory: 10707.78 MB used,  5613.80 MB free, 16321.58 MB total
[2022.02.13-21.06.11:410][  0]LogMemory: Virtual Memory: 134212080.00 MB used,  5649.90 MB free, 134217728.00 MB total
[2022.02.13-21.06.11:417][  0]LogWindows: WindowsPlatformFeatures enabled
[2022.02.13-21.06.11:472][  0]LogInit: Physics initialised using underlying interface: PhysX
[2022.02.13-21.06.11:476][  0]LogInit: Using OS detected language (en-GB).
[2022.02.13-21.06.11:476][  0]LogInit: Using OS detected locale (en-GB).
[2022.02.13-21.06.11:479][  0]LogTextLocalizationManager: No specific localization for 'en-GB' exists, so the 'en' localization will be used.
[2022.02.13-21.06.11:809][  0]LogInit: Setting process to per monitor DPI aware
[2022.02.13-21.06.11:827][  0]LogWindowsTextInputMethodSystem: Display: IME system deactivated.
[2022.02.13-21.06.11:848][  0]LogSlate: New Slate User Created.  User Index 0, Is Virtual User: 0
[2022.02.13-21.06.11:848][  0]LogSlate: Slate User Registered.  User Index 0, Is Virtual User: 0
[2022.02.13-21.06.12:017][  0]LogD3D11RHI: Loaded GFSDK_Aftermath_Lib.x64.dll
[2022.02.13-21.06.12:108][  0]LogHMD: Failed to initialize OpenVR with code 126
[2022.02.13-21.06.12:108][  0]LogD3D11RHI: D3D11 min allowed feature level: 11_0
[2022.02.13-21.06.12:108][  0]LogD3D11RHI: D3D11 max allowed feature level: 11_0
[2022.02.13-21.06.12:108][  0]LogD3D11RHI: D3D11 adapters:
[2022.02.13-21.06.12:241][  0]LogD3D11RHI:    0. 'NVIDIA GeForce RTX 2060 SUPER' (Feature Level 11_0)
[2022.02.13-21.06.12:241][  0]LogD3D11RHI:       8031/0/8160 MB DedicatedVideo/DedicatedSystem/SharedSystem, Outputs:2, VendorId:0x10de
[2022.02.13-21.06.12:246][  0]LogD3D11RHI:    1. 'Microsoft Basic Render Driver' (Feature Level 11_0)
[2022.02.13-21.06.12:246][  0]LogD3D11RHI:       0/0/8160 MB DedicatedVideo/DedicatedSystem/SharedSystem, Outputs:0, VendorId:0x1414
[2022.02.13-21.06.12:246][  0]LogD3D11RHI: Chosen D3D11 Adapter:
[2022.02.13-21.06.12:246][  0]LogD3D11RHI:     Description : NVIDIA GeForce RTX 2060 SUPER
[2022.02.13-21.06.12:246][  0]LogD3D11RHI:     VendorId    : 10de
[2022.02.13-21.06.12:246][  0]LogD3D11RHI:     DeviceId    : 1f06
[2022.02.13-21.06.12:246][  0]LogD3D11RHI:     SubSysId    : 652019da
[2022.02.13-21.06.12:246][  0]LogD3D11RHI:     Revision    : 00a1
[2022.02.13-21.06.12:246][  0]LogD3D11RHI:     DedicatedVideoMemory : 8421113856 bytes
[2022.02.13-21.06.12:246][  0]LogD3D11RHI:     DedicatedSystemMemory : 0 bytes
[2022.02.13-21.06.12:246][  0]LogD3D11RHI:     SharedSystemMemory : 8557209600 bytes
[2022.02.13-21.06.12:246][  0]LogD3D11RHI:     AdapterLuid : 0 57436
[2022.02.13-21.06.12:256][  0]LogD3D11RHI: Creating new Direct3DDevice
[2022.02.13-21.06.12:256][  0]LogD3D11RHI:     GPU DeviceId: 0x1f06 (for the marketing name, search the web for "GPU Device Id")
[2022.02.13-21.06.12:256][  0]LogWindows: EnumDisplayDevices:
[2022.02.13-21.06.12:256][  0]LogWindows:    0. 'NVIDIA GeForce RTX 2060 SUPER' (P:1 D:1)
[2022.02.13-21.06.12:256][  0]LogWindows:    1. 'NVIDIA GeForce RTX 2060 SUPER' (P:0 D:1)
[2022.02.13-21.06.12:256][  0]LogWindows:    2. 'NVIDIA GeForce RTX 2060 SUPER' (P:0 D:0)
[2022.02.13-21.06.12:257][  0]LogWindows:    3. 'NVIDIA GeForce RTX 2060 SUPER' (P:0 D:0)
[2022.02.13-21.06.12:257][  0]LogWindows: DebugString: FoundDriverCount:4 
[2022.02.13-21.06.12:257][  0]LogD3D11RHI:     Adapter Name: NVIDIA GeForce RTX 2060 SUPER
[2022.02.13-21.06.12:257][  0]LogD3D11RHI:   Driver Version: 511.65 (internal:30.0.15.1165, unified:511.65)
[2022.02.13-21.06.12:257][  0]LogD3D11RHI:      Driver Date: 1-28-2022
[2022.02.13-21.06.12:257][  0]LogRHI: Texture pool is 5621 MB (70% of 8031 MB)
[2022.02.13-21.06.12:257][  0]LogD3D11RHI: Creating D3DDevice using adapter:
[2022.02.13-21.06.12:257][  0]LogD3D11RHI:     Description : NVIDIA GeForce RTX 2060 SUPER
[2022.02.13-21.06.12:257][  0]LogD3D11RHI:     VendorId    : 10de
[2022.02.13-21.06.12:257][  0]LogD3D11RHI:     DeviceId    : 1f06
[2022.02.13-21.06.12:257][  0]LogD3D11RHI:     SubSysId    : 652019da
[2022.02.13-21.06.12:257][  0]LogD3D11RHI:     Revision    : 00a1
[2022.02.13-21.06.12:257][  0]LogD3D11RHI:     DedicatedVideoMemory : 8421113856 bytes
[2022.02.13-21.06.12:257][  0]LogD3D11RHI:     DedicatedSystemMemory : 0 bytes
[2022.02.13-21.06.12:257][  0]LogD3D11RHI:     SharedSystemMemory : 8557209600 bytes
[2022.02.13-21.06.12:257][  0]LogD3D11RHI:     AdapterLuid : 0 57436
[2022.02.13-21.06.12:352][  0]LogD3D11RHI: RHI has support for 64 bit atomics
[2022.02.13-21.06.12:352][  0]LogD3D11RHI: Async texture creation enabled
[2022.02.13-21.06.12:352][  0]LogD3D11RHI: Array index from any shader is supported
[2022.02.13-21.06.12:398][  0]LogD3D11RHI: GPU Timing Frequency: 1000.000000 (Debug: 2 1)
[2022.02.13-21.06.12:421][  0]LogRHI: GeForceNow SDK initialized: 1
[2022.02.13-21.06.12:906][  0]LogTargetPlatformManager: Display: Loaded TargetPlatform 'AllDesktop'
[2022.02.13-21.06.12:940][  0]LogTargetPlatformManager: Display: Loaded TargetPlatform 'Android'
[2022.02.13-21.06.12:941][  0]LogTargetPlatformManager: Display: Loaded TargetPlatform 'Android_ASTC'
[2022.02.13-21.06.12:941][  0]LogTargetPlatformManager: Display: Loaded TargetPlatform 'Android_DXT'
[2022.02.13-21.06.12:941][  0]LogTargetPlatformManager: Display: Loaded TargetPlatform 'Android_ETC2'
[2022.02.13-21.06.12:941][  0]LogTargetPlatformManager: Display: Loaded TargetPlatform 'AndroidClient'
[2022.02.13-21.06.12:941][  0]LogTargetPlatformManager: Display: Loaded TargetPlatform 'Android_ASTCClient'
[2022.02.13-21.06.12:941][  0]LogTargetPlatformManager: Display: Loaded TargetPlatform 'Android_DXTClient'
[2022.02.13-21.06.12:941][  0]LogTargetPlatformManager: Display: Loaded TargetPlatform 'Android_ETC2Client'
[2022.02.13-21.06.12:941][  0]LogTargetPlatformManager: Display: Loaded TargetPlatform 'Android_Multi'
[2022.02.13-21.06.12:941][  0]LogTargetPlatformManager: Display: Loaded TargetPlatform 'Android_MultiClient'
[2022.02.13-21.06.12:964][  0]LogTargetPlatformManager: Display: Loaded TargetPlatform 'IOSClient'
[2022.02.13-21.06.12:964][  0]LogTargetPlatformManager: Display: Loaded TargetPlatform 'IOS'
[2022.02.13-21.06.12:976][  0]LogTargetPlatformManager: Display: Loaded TargetPlatform 'Linux'
[2022.02.13-21.06.12:982][  0]LogTargetPlatformManager: Display: Loaded TargetPlatform 'LinuxNoEditor'
[2022.02.13-21.06.12:987][  0]LogTargetPlatformManager: Display: Loaded TargetPlatform 'LinuxClient'
[2022.02.13-21.06.12:993][  0]LogTargetPlatformManager: Display: Loaded TargetPlatform 'LinuxServer'
[2022.02.13-21.06.13:004][  0]LogTargetPlatformManager: Display: Loaded TargetPlatform 'LinuxAArch64NoEditor'
[2022.02.13-21.06.13:012][  0]LogTargetPlatformManager: Display: Loaded TargetPlatform 'LinuxAArch64Client'
[2022.02.13-21.06.13:018][  0]LogTargetPlatformManager: Display: Loaded TargetPlatform 'LinuxAArch64Server'
[2022.02.13-21.06.13:047][  0]LogTargetPlatformManager: Display: Loaded TargetPlatform 'Lumin'
[2022.02.13-21.06.13:047][  0]LogTargetPlatformManager: Display: Loaded TargetPlatform 'LuminClient'
[2022.02.13-21.06.13:056][  0]LogTargetPlatformManager: Display: Loaded TargetPlatform 'MacNoEditor'
[2022.02.13-21.06.13:062][  0]LogTargetPlatformManager: Display: Loaded TargetPlatform 'Mac'
[2022.02.13-21.06.13:067][  0]LogTargetPlatformManager: Display: Loaded TargetPlatform 'MacClient'
[2022.02.13-21.06.13:074][  0]LogTargetPlatformManager: Display: Loaded TargetPlatform 'MacServer'
[2022.02.13-21.06.13:086][  0]LogTargetPlatformManager: Display: Loaded TargetPlatform 'TVOSClient'
[2022.02.13-21.06.13:086][  0]LogTargetPlatformManager: Display: Loaded TargetPlatform 'TVOS'
[2022.02.13-21.06.13:097][  0]LogTargetPlatformManager: Display: Loaded TargetPlatform 'WindowsNoEditor'
[2022.02.13-21.06.13:103][  0]LogTargetPlatformManager: Display: Loaded TargetPlatform 'Windows'
[2022.02.13-21.06.13:112][  0]LogTargetPlatformManager: Display: Loaded TargetPlatform 'WindowsClient'
[2022.02.13-21.06.13:117][  0]LogTargetPlatformManager: Display: Loaded TargetPlatform 'WindowsServer'
[2022.02.13-21.06.13:117][  0]LogTargetPlatformManager: Display: Building Assets For Windows
[2022.02.13-21.06.13:124][  0]LogAudioDebug: Display: Lib vorbis DLL was dynamically loaded.
[2022.02.13-21.06.13:161][  0]LogTextureFormatOodle: Display: Oodle Texture 2.9.0 init RDO Off
[2022.02.13-21.06.13:196][  0]LogRendererCore: Ray tracing is disabled. Reason: r.RayTracing=0.
[2022.02.13-21.06.13:196][  0]LogShaderCompilers: Guid format shader working directory is 16 characters bigger than the processId version (../../../../LaunchTitleProject/Intermediate/Shaders/WorkingDirectory/4752/).
[2022.02.13-21.06.13:196][  0]LogShaderCompilers: Cleaned the shader compiler working directory 'C:/Users/turlo/AppData/Local/Temp/UnrealShaderWorkingDir/EB60AA6E4E43B5D9E9EE66A89CCAAAA1/'.
[2022.02.13-21.06.13:196][  0]LogXGEController: Cannot use XGE Controller as Incredibuild is not installed on this machine.
[2022.02.13-21.06.13:196][  0]LogShaderCompilers: Cannot use XGE Shader Compiler as Incredibuild is not installed on this machine.
[2022.02.13-21.06.13:196][  0]LogShaderCompilers: Display: Using Local Shader Compiler.
[2022.02.13-21.06.13:989][  0]LogDerivedDataCache: Display: Max Cache Size: 512 MB
[2022.02.13-21.06.14:091][  0]LogDerivedDataCache: Loaded boot cache 0.10s 94MB C:/Users/turlo/AppData/Local/UnrealEngine/4.27/DerivedDataCache/Boot.ddc.
[2022.02.13-21.06.14:091][  0]LogDerivedDataCache: Display: Loaded Boot cache: C:/Users/turlo/AppData/Local/UnrealEngine/4.27/DerivedDataCache/Boot.ddc
[2022.02.13-21.06.14:091][  0]LogDerivedDataCache: FDerivedDataBackendGraph:  Pak pak cache file ../../../../LaunchTitleProject/DerivedDataCache/DDC.ddp not found, will not use a pak cache.
[2022.02.13-21.06.14:091][  0]LogDerivedDataCache: Unable to find inner node Pak for hierarchical cache Hierarchy.
[2022.02.13-21.06.14:091][  0]LogDerivedDataCache: FDerivedDataBackendGraph:  CompressedPak pak cache file ../../../../LaunchTitleProject/DerivedDataCache/Compressed.ddp not found, will not use a pak cache.
[2022.02.13-21.06.14:091][  0]LogDerivedDataCache: Unable to find inner node CompressedPak for hierarchical cache Hierarchy.
[2022.02.13-21.06.14:113][  0]LogDerivedDataCache: Display: Pak cache opened for reading ../../../Engine/DerivedDataCache/Compressed.ddp.
[2022.02.13-21.06.14:113][  0]LogDerivedDataCache: FDerivedDataBackendGraph:  EnterprisePak pak cache file ../../../Enterprise/DerivedDataCache/Compressed.ddp not found, will not use a pak cache.
[2022.02.13-21.06.14:113][  0]LogDerivedDataCache: Unable to find inner node EnterprisePak for hierarchical cache Hierarchy.
[2022.02.13-21.06.14:122][  0]LogDerivedDataCache: Speed tests for C:/Users/turlo/AppData/Local/UnrealEngine/Common/DerivedDataCache took 0.01 seconds
[2022.02.13-21.06.14:122][  0]LogDerivedDataCache: Display: Performance to C:/Users/turlo/AppData/Local/UnrealEngine/Common/DerivedDataCache: Latency=0.08ms. RandomReadSpeed=712.90MBs, RandomWriteSpeed=133.18MBs. Assigned SpeedClass 'Local'
[2022.02.13-21.06.14:128][  0]LogDerivedDataCache: Using Local data cache path C:/Users/turlo/AppData/Local/UnrealEngine/Common/DerivedDataCache: Writable
[2022.02.13-21.06.14:129][  0]LogDerivedDataCache: Shared data cache path not found in *engine.ini, will not use an Shared cache.
[2022.02.13-21.06.14:129][  0]LogDerivedDataCache: Unable to find inner node Shared for hierarchical cache Hierarchy.
[2022.02.13-21.06.14:192][  0]LogSlate: Using FreeType 2.10.0
[2022.02.13-21.06.14:192][  0]LogSlate: SlateFontServices - WITH_FREETYPE: 1, WITH_HARFBUZZ: 1
[2022.02.13-21.06.14:222][  0]LogAssetRegistry: FAssetRegistry took 0.0032 seconds to start up
[2022.02.13-21.06.14:540][  0]LogInit: Selected Device Profile: [Windows]
[2022.02.13-21.06.14:540][  0]LogInit: Active device profile: [00000139DC519300][00000139CE639A00 49] Windows
[2022.02.13-21.06.14:540][  0]LogInit: Profiles: [00000139DC519300][00000139CE639A00 49] Windows, [00000139DC4D3300][00000139CE629B80 49] WindowsNoEditor, [00000139DC51A400][00000139DA116180 49] WindowsServer, [00000139DC4D1F00][00000139CE6A8300 49] WindowsClient, [00000139DC51B300][00000139DD57E480 49] IOS, [00000139DC4D1200][00000139CE62C5C0 49] iPadAir, [00000139DC51BE00][00000139DD860700 49] iPadAir2, [00000139DC48A100][00000139DD582940 49] IPadPro, [00000139DC48A200][00000139DA0E0980 49] iPadAir3, [00000139DC4D1B00][00000139DD84CB00 49] iPadAir4, [00000139DC48B100][00000139DD850C80 49] iPadMini2, [00000139DC4D3600][00000139DD854E00 49] iPadMini3, [00000139DC48BD00][00000139DD858F80 49] iPadMini4, [00000139DC4D2700][00000139DD85D100 49] iPadMini5, [00000139DC4C9A00][00000139D2B4D3C0 49] iPhone6, [00000139DC4C9B00][00000139D2B49400 49] iPodTouch6, [00000139DC51AF00][00000139D2B556C0 49] iPhone7, [00000139DC51B000][00000139D2B51700 49] iPodTouch7, [00000139DC489C00][00000139D2B59880 49] iPhone5S, [00000139DC519100][00000139D2B5DA00 49] iPhone6Plus, [00000139DC489800][00000139D2B61B80 49] iPhone6S, [00000139DC518400][00000139D2B64180 49] iPhone6SPlus, [00000139DC488E00][00000139D2B68300 49] iPhone7Plus, [00000139DC519700][00000139D2B6C480 49] iPhoneSE, [00000139DC488A00][00000139DD290600 49] iPhone8, [00000139DC518800][00000139DD848740 49] iPhone8Plus, [00000139DC489A00][00000139DD294880 49] iPhoneX, [00000139DC51BD00][00000139DD2989C0 49] iPhoneXS, [00000139DC4C8200][00000139DD29CB00 49] iPhoneXSMax, [00000139DC488D00][00000139DD2A4C80 49] iPhoneXR, [00000139DC4C8C00][00000139DD2A8E00 49] iPhone11, [00000139DC48AE00][00000139DD2ACF80 49] iPhone11Pro, [00000139DC4C9500][00000139DD2B1100 49] iPhone11ProMax, [00000139DC48BA00][00000139DD2B5280 49] iPhoneSE2, [00000139DC4C8400][00000139DD2B9400 49] iPhone12Mini, [00000139DC489200][00000139DD2BD580 49] iPhone12, [00000139DC4CBC00][00000139DD2C1700 49] iPhone12Pro, [00000139DC48A000][00000139DD2C5880 49] iPhone12ProMax, [00000139DC4CAC00][00000139DD2C9A00 49] iPadPro105, [00000139DC51A100][00000139DD2CDB80 49] iPadPro129, [00000139DC4C9100][00000139DD2D0180 49] iPadPro97, [00000139DC519000][00000139DD2D4300 49] iPadPro2_129, [00000139DC4C8D00][00000139DD2D8480 49] iPad5, [00000139DC519D00][00000139DD2DC600 49] iPad6, [00000139DC4C8600][00000139DD2E0780 49] iPad7, [00000139DC51AE00][00000139DD2E4900 49] iPad8, [00000139DC4CB000][00000139DD2A0A40 49] iPadPro11, [00000139DC519B00][00000139DD2E8B80 49] iPadPro2_11, [00000139DC4C8A00][00000139DD2ECCC0 49] iPadPro3_129, [00000139DC518500][00000139CE592E40 49] iPadPro4_129, [00000139DC4CAD00][00000139CE596FC0 49] AppleTV, [00000139DC518700][00000139CE59B140 49] AppleTV4K, [00000139DC4CA600][00000139CE59F2C0 49] TVOS, [00000139DC51B100][00000139CE5A3440 49] Mac, [00000139DC4CB600][00000139CE5A75C0 49] MacClient, [00000139DC51B900][00000139CE5AB740 49] MacNoEditor, [00000139DC4CBF00][00000139CE5AF8C0 49] MacServer, [00000139DC518E00][00000139CE5B3A40 49] Linux, [00000139DC4C9C00][00000139CE5B7BC0 49] LinuxAArch64, [00000139DC51B700][00000139CE5BA1C0 49] LinuxNoEditor, [00000139DC4CA400][00000139CE5BE340 49] LinuxAArch64NoEditor, [00000139DC518F00][00000139CE5C24C0 49] LinuxClient, [00000139DC4C9300][00000139CE5C6640 49] LinuxAArch64Client, [00000139DC51B500][00000139CE5CA7C0 49] LinuxServer, [00000139DC4C9200][00000139CE5CE940 49] LinuxAArch64Server, [00000139DC51A500][00000139CE5D2AC0 49] Android, [00000139DC4C9900][00000139DD2F0C00 49] Android_Low, [00000139DC518D00][00000139CE5D6D40 49] Android_Mid, [00000139DC4CAE00][00000139CE5DAE80 49] Android_High, [00000139DC51A000][00000139CE5DEFC0 49] Android_Default, [00000139DC4CA800][00000139CE5E7140 49] Android_Adreno4xx, [00000139DC51BC00][00000139CE5EB2C0 49] Android_Adreno5xx_Low, [00000139DC4CAF00][00000139CE5EF440 49] Android_Adreno5xx, [00000139DC51BF00][00000139CE5F35C0 49] Android_Adreno6xx, [00000139DC4CB200][00000139CE5F7740 49] Android_Adreno6xx_Vulkan, [00000139DC51A700][00000139CE5FB8C0 49] Android_Mali_T6xx, [00000139DC4C8E00][00000139CE5FFA40 49] Android_Mali_T7xx, [00000139DC51A200][00000139CE603BC0 49] Android_Mali_T8xx, [00000139DC4C9600][00000139CE6061C0 49] Android_Mali_G71, [00000139DC518C00][00000139CE60A340 49] Android_Mali_G72, [00000139DC4C9F00][00000139CE60E4C0 49] Android_Mali_G72_Vulkan, [00000139DC51B400][00000139CE612640 49] Android_Mali_G76, [00000139DC4CB700][00000139CE6167C0 49] Android_Mali_G76_Vulkan, [00000139DC518A00][00000139CE61A940 49] Android_Mali_G77, [00000139DC4C8900][00000139CE61EAC0 49] Android_Mali_G77_Vulkan, [00000139DC51AD00][00000139CE622C40 49] Android_Mali_G78, [00000139DC4CBD00][00000139CE5E2D80 49] Android_Mali_G78_Vulkan, [00000139DC4D2A00][00000139DD5A0EC0 49] Android_Mali_G710, [00000139DC48AF00][00000139DD5A5000 49] Android_Mali_G710_Vulkan, [00000139DC4D3F00][00000139DD5A9140 49] Android_Vulkan_SM5, [00000139DC48AA00][00000139DD5B12C0 49] Android_PowerVR_G6xxx, [00000139DC4D0400][00000139DD5B5440 49] Android_PowerVR_GT7xxx, [00000139DC48A700][00000139DD5B95C0 49] Android_PowerVR_GE8xxx, [00000139DC4D0600][00000139DD5BD740 49] Android_PowerVR_GM9xxx, [00000139DC48A800][00000139DD5C18C0 49] Android_PowerVR_GM9xxx_Vulkan, [00000139DC4D1700][00000139DD5C5A40 49] Android_TegraK1, [00000139DC48B400][00000139DD5C9BC0 49] Android_Unknown_Vulkan, [00000139DC4D0700][00000139DD5CC1C0 49] Lumin, [00000139DC48AD00][00000139DD5D0340 49] Lumin_Desktop, [00000139DC4D2300][00000139DD5D44C0 49] HoloLens, 
[2022.02.13-21.06.14:680][  0]LogMeshReduction: Using QuadricMeshReduction for automatic static mesh reduction
[2022.02.13-21.06.14:680][  0]LogMeshReduction: Using SimplygonMeshReduction for automatic skeletal mesh reduction
[2022.02.13-21.06.14:680][  0]LogMeshReduction: Using ProxyLODMeshReduction for automatic mesh merging
[2022.02.13-21.06.14:680][  0]LogMeshReduction: No distributed automatic mesh merging module available
[2022.02.13-21.06.14:680][  0]LogMeshMerging: No distributed automatic mesh merging module available
[2022.02.13-21.06.14:700][  0]LogNetVersion: LaunchTitleProject 1.0.0, NetCL: 17155196, EngineNetVer: 17, GameNetVer: 0 (Checksum: 342632155)
[2022.02.13-21.06.15:174][  0]LogTexture: Default maximum texture size for cubemaps generated from long-lat sources has been changed from 512 to unlimited. In order to preserve old behaiour for '/Engine/MapTemplates/Sky/DaylightAmbientCubemap.DaylightAmbientCubemap', its maximum texture size has been explicitly set to 512.
[2022.02.13-21.06.15:268][  0]LogHMD: PokeAHoleMaterial loaded successfully
[2022.02.13-21.06.15:280][  0]LogUObjectArray: 17178 objects as part of root set at end of initial load.
[2022.02.13-21.06.15:280][  0]LogUObjectAllocator: 4302048 out of 0 bytes used by permanent object pool.
[2022.02.13-21.06.15:280][  0]LogUObjectArray: CloseDisregardForGC: 0/0 objects in disregard for GC pool
[2022.02.13-21.06.15:490][  0]LogNiagaraDebuggerClient: Niagara Debugger Client Initialized | Session: 55092A674C91725D82FDF49348F1292D | Instance: A0A9127E43BE76194EF7EAA85A0D23C4 (DESKTOP-1GV070L-4752).
[2022.02.13-21.06.15:676][  0]LogPython: Using Python 3.7.7
[2022.02.13-21.06.16:495][  0]LogTcpMessaging: Initializing TcpMessaging bridge
[2022.02.13-21.06.16:502][  0]LogUdpMessaging: Initializing bridge on interface 0.0.0.0:0 to multicast group 230.0.0.1:6666.
[2022.02.13-21.06.16:696][  0]SourceControl: Source control is disabled
[2022.02.13-21.06.18:600][  0]LogUProjectInfo: Found projects:
[2022.02.13-21.06.18:703][  0]LogOpenImageDenoise: OIDN starting up
[2022.02.13-21.06.18:825][  0]LogAudioCaptureCore: Display: No Audio Capture implementations found. Audio input will be silent.
[2022.02.13-21.06.18:825][  0]LogAudioCaptureCore: Display: No Audio Capture implementations found. Audio input will be silent.
[2022.02.13-21.06.18:838][  0]LogAndroidPermission: UAndroidPermissionCallbackProxy::GetInstance
[2022.02.13-21.06.18:999][  0]LogCollectionManager: Loaded 0 collections in 0.000833 seconds
[2022.02.13-21.06.19:029][  0]LogFileCache: Scanning file cache for directory 'F:/LaunchTitleProject/Saved/Collections/' took 0.00s
[2022.02.13-21.06.19:029][  0]LogFileCache: Scanning file cache for directory 'F:/LaunchTitleProject/Content/Developers/turlo/Collections/' took 0.00s
[2022.02.13-21.06.19:029][  0]LogFileCache: Scanning file cache for directory 'F:/LaunchTitleProject/Content/Collections/' took 0.00s
[2022.02.13-21.06.19:029][  0]LogOcInput: OculusInput pre-init called
[2022.02.13-21.06.19:304][  0]LogEngine: Initializing Engine...
[2022.02.13-21.06.19:391][  0]LogHMD: Failed to initialize OpenVR with code 108
[2022.02.13-21.06.19:429][  0]LogHMD: Optional extension XR_VARJO_quad_views is not available
[2022.02.13-21.06.19:429][  0]LogHMD: Warning: Required extension XR_EXT_eye_gaze_interaction is not available
[2022.02.13-21.06.19:429][  0]LogHMD: Could not enable all required OpenXR extensions for OpenXREyeTracker on current system. This plugin will be loaded but ignored, but will be enabled on a target platform that supports the required extension.
[2022.02.13-21.06.19:931][  0]LogHMD: Failed to get an OpenXR system, result is XR_ERROR_FORM_FACTOR_UNAVAILABLE. Please check that your runtime supports VR headsets.
[2022.02.13-21.06.19:931][  0]LogMagicLeap: Warning: VR disabled because ZI is not enabled.  To enable, in the editor, Edit -> Project Settings -> Plugins -> Magic Leap Plugin -> Enable Zero Iteration
[2022.02.13-21.06.19:932][  0]LogStats: UGameplayTagsManager::InitializeManager -  0.000 s
[2022.02.13-21.06.20:107][  0]LogInit: Initializing FReadOnlyCVARCache
[2022.02.13-21.06.20:121][  0]LogAIModule: Creating AISystem for world Untitled
[2022.02.13-21.06.20:131][  0]LogAudio: Display: Initializing Audio Device Manager...
[2022.02.13-21.06.20:136][  0]LogAudio: Display: Loading Default Audio Settings Objects...
[2022.02.13-21.06.20:137][  0]LogAudio: Display: No default SoundConcurrencyObject specified (or failed to load).
[2022.02.13-21.06.20:137][  0]LogAudio: Display: Audio Device Manager Initialized
[2022.02.13-21.06.20:137][  0]LogAudio: Display: Creating Audio Device:                 Id: 1, Scope: Shared, Realtime: True
[2022.02.13-21.06.20:137][  0]LogAudioMixer: Display: Audio Mixer Platform Settings:
[2022.02.13-21.06.20:137][  0]LogAudioMixer: Display: 	Sample Rate:						  48000
[2022.02.13-21.06.20:137][  0]LogAudioMixer: Display: 	Callback Buffer Frame Size Requested: 1024
[2022.02.13-21.06.20:137][  0]LogAudioMixer: Display: 	Callback Buffer Frame Size To Use:	  1024
[2022.02.13-21.06.20:138][  0]LogAudioMixer: Display: 	Number of buffers to queue:			  2
[2022.02.13-21.06.20:138][  0]LogAudioMixer: Display: 	Max Channels (voices):				  32
[2022.02.13-21.06.20:138][  0]LogAudioMixer: Display: 	Number of Async Source Workers:		  0
[2022.02.13-21.06.20:138][  0]LogAudio: Display: AudioDevice MaxSources: 32
[2022.02.13-21.06.20:138][  0]LogAudio: Display: Audio Spatialization Plugin: None (built-in).
[2022.02.13-21.06.20:138][  0]LogAudio: Display: Audio Reverb Plugin: None (built-in).
[2022.02.13-21.06.20:138][  0]LogAudio: Display: Audio Occlusion Plugin: None (built-in).
[2022.02.13-21.06.20:138][  0]LogAudioMixer: Display: Initializing audio mixer.
[2022.02.13-21.06.20:160][  0]LogAudioMixer: Display: 0: FrontLeft
[2022.02.13-21.06.20:160][  0]LogAudioMixer: Display: 1: FrontRight
[2022.02.13-21.06.20:229][  0]LogAudioMixer: Display: Using Audio Device Headphones (Arctis 5 Game)
[2022.02.13-21.06.20:229][  0]LogAudioMixer: Display: Initializing Sound Submixes...
[2022.02.13-21.06.20:232][  0]LogAudioMixer: Display: Creating Master Submix 'MasterSubmixDefault'
[2022.02.13-21.06.20:233][  0]LogAudioMixer: Display: Creating Master Submix 'MasterReverbSubmixDefault'
[2022.02.13-21.06.20:235][  0]LogAudioMixer: Display: Creating Master Submix 'MasterEQSubmixDefault'
[2022.02.13-21.06.20:235][  0]LogAudioMixer: FMixerPlatformXAudio2::StartAudioStream() called
[2022.02.13-21.06.20:235][  0]LogAudioMixer: Display: Output buffers initialized: Frames=1024, Channels=2, Samples=2048
[2022.02.13-21.06.20:240][  0]LogAudioMixer: Display: Starting AudioMixerPlatformInterface::RunInternal()
[2022.02.13-21.06.20:240][  0]LogAudioMixer: Display: FMixerPlatformXAudio2::SubmitBuffer() called for the first time
[2022.02.13-21.06.20:240][  0]LogInit: FAudioDevice initialized.
[2022.02.13-21.06.20:241][  0]LogAudio: Display: Audio Device (ID: 1) registered with world 'Untitled'.
[2022.02.13-21.06.20:241][  0]LogNetVersion: Set ProjectVersion to 1.0.0.0. Version Checksum will be recalculated on next use.
[2022.02.13-21.06.20:346][  0]LogDerivedDataCache: Saved boot cache 0.11s 94MB C:/Users/turlo/AppData/Local/UnrealEngine/4.27/DerivedDataCache/Boot.ddc.
[2022.02.13-21.06.20:348][  0]LogInit: Texture streaming: Enabled
[2022.02.13-21.06.20:371][  0]LogAnalytics: Display: [UEEditor.Rocket.Release] APIServer = https://datarouter.ol.epicgames.com/. AppVersion = 4.27.2-18319896+++UE4+Release-4.27
[2022.02.13-21.06.20:377][  0]LogEngineSessionManager: EngineSessionManager initialized
[2022.02.13-21.06.20:377][  0]LogEditorSessionSummary: Verbose: Initializing EditorSessionSummaryWriter for editor session tracking
[2022.02.13-21.06.20:380][  0]LogEditorSessionSummary: EditorSessionSummaryWriter initialized
[2022.02.13-21.06.20:423][  0]LogInit: Transaction tracking system initialized
[2022.02.13-21.06.20:454][  0]BlueprintLog: New page: Editor Load
[2022.02.13-21.06.20:537][  0]LocalizationService: Localization service is disabled
[2022.02.13-21.06.20:563][  0]TimingProfiler: Initialize
[2022.02.13-21.06.20:564][  0]TimingProfiler: OnSessionChanged
[2022.02.13-21.06.20:564][  0]LoadingProfiler: Initialize
[2022.02.13-21.06.20:564][  0]LoadingProfiler: OnSessionChanged
[2022.02.13-21.06.20:564][  0]NetworkingProfiler: Initialize
[2022.02.13-21.06.20:564][  0]NetworkingProfiler: OnSessionChanged
[2022.02.13-21.06.20:564][  0]MemoryProfiler: Initialize
[2022.02.13-21.06.20:564][  0]MemoryProfiler: OnSessionChanged
[2022.02.13-21.06.21:170][  0]LogCook: Display: CookSettings for Memory: MemoryMaxUsedVirtual 0MiB, MemoryMaxUsedPhysical 16384MiB, MemoryMinFreeVirtual 0MiB, MemoryMinFreePhysical 1024MiB
[2022.02.13-21.06.21:170][  0]LogCook: Display: Mobile HDR setting 1
[2022.02.13-21.06.21:822][  0]LogFileCache: Scanning file cache for directory 'F:/LaunchTitleProject/Content/' took 0.01s
[2022.02.13-21.06.22:033][  0]LogInit: Display: Engine is initialized. Leaving FEngineLoop::Init()
[2022.02.13-21.06.22:037][  0]LogUnrealEdMisc: Loading editor; pre map load, took 12.823
[2022.02.13-21.06.22:037][  0]Cmd: MAP LOAD FILE="../../../../LaunchTitleProject/Content/FirstPersonBP/Maps/LevelTesting.umap" TEMPLATE=0 SHOWPROGRESS=1 FEATURELEVEL=3
[2022.02.13-21.06.22:038][  0]LightingResults: New page: Lighting Build
[2022.02.13-21.06.22:040][  0]LogWorld: UWorld::CleanupWorld for Untitled, bSessionEnded=true, bCleanupResources=true
[2022.02.13-21.06.22:040][  0]LogSlate: InvalidateAllWidgets triggered.  All widgets were invalidated
[2022.02.13-21.06.22:040][  0]MapCheck: New page: Map Check
[2022.02.13-21.06.22:040][  0]LightingResults: New page: Lighting Build
[2022.02.13-21.06.22:047][  0]LogAudio: Display: Audio Device unregistered from world 'None'.
[2022.02.13-21.06.22:055][  0]LogUObjectHash: Compacting FUObjectHashTables data took   1.24ms
[2022.02.13-21.06.22:714][  0]LogAudio: Display: Audio Device (ID: 1) registered with world 'LevelTesting'.
[2022.02.13-21.06.22:716][  0]LogAIModule: Creating AISystem for world LevelTesting
[2022.02.13-21.06.22:870][  0]LogEditorServer: Finished looking for orphan Actors (0.000 secs)
[2022.02.13-21.06.22:901][  0]LogUObjectHash: Compacting FUObjectHashTables data took   2.48ms
[2022.02.13-21.06.22:902][  0]Cmd: MAP CHECKDEP NOCLEARLOG
[2022.02.13-21.06.22:903][  0]MapCheck: Map check complete: 0 Error(s), 0 Warning(s), took 0.367ms to complete.
[2022.02.13-21.06.22:903][  0]LogFileHelpers: Loading map 'LevelTesting' took 0.865
[2022.02.13-21.06.22:905][  0]LogUnrealEdMisc: Total Editor Startup Time, took 13.690
[2022.02.13-21.06.23:024][  0]LogSlate: Updating window title bar state: overlay mode, drag disabled, window buttons hidden, title bar hidden
[2022.02.13-21.06.23:034][  0]LogSlate: Updating window title bar state: overlay mode, drag disabled, window buttons hidden, title bar hidden
[2022.02.13-21.06.23:044][  0]LogSlate: Updating window title bar state: overlay mode, drag disabled, window buttons hidden, title bar hidden
[2022.02.13-21.06.23:055][  0]LogSlate: Updating window title bar state: overlay mode, drag disabled, window buttons hidden, title bar hidden
[2022.02.13-21.06.23:075][  0]LogNativeClassHierarchy: Verbose: Native class hierarchy populated in 0.0148 seconds. Added 3824 classes and 932 folders.
[2022.02.13-21.06.23:080][  0]LogNativeClassHierarchy: Verbose: Native class hierarchy updated for 'WidgetCarousel' in 0.0005 seconds. Added 0 classes and 0 folders.
[2022.02.13-21.06.23:081][  0]LogPakFile: PakFile PrimaryIndexSize=187
[2022.02.13-21.06.23:082][  0]LogPakFile: PakFile PathHashIndexSize=101
[2022.02.13-21.06.23:082][  0]LogPakFile: PakFile FullDirectoryIndexSize=148
[2022.02.13-21.06.23:082][  0]LogShaderLibrary: Display: ShaderCodeLibraryPakFileMountedCallback: PakFile 'F:/UE_4.27/FeaturePacks/FP_FirstPerson.upack' (chunk index -1, root 'root:/') mounted
[2022.02.13-21.06.23:082][  0]LogShaderLibrary: Display: ShaderCodeLibraryPakFileMountedCallback: pending pak file info (ChunkID:-1 Root:root:/ File:F:/UE_4.27/FeaturePacks/FP_FirstPerson.upack)
[2022.02.13-21.06.23:082][  0]LogPakFile: OnPakFileMounted2Time == 0.000092
[2022.02.13-21.06.23:082][  0]LogPakFile: PakFile PrimaryIndexSize=189
[2022.02.13-21.06.23:082][  0]LogPakFile: PakFile PathHashIndexSize=101
[2022.02.13-21.06.23:082][  0]LogPakFile: PakFile FullDirectoryIndexSize=152
[2022.02.13-21.06.23:082][  0]LogShaderLibrary: Display: ShaderCodeLibraryPakFileMountedCallback: PakFile 'F:/UE_4.27/FeaturePacks/FP_FirstPersonBP.upack' (chunk index -1, root 'root:/') mounted
[2022.02.13-21.06.23:083][  0]LogShaderLibrary: Display: ShaderCodeLibraryPakFileMountedCallback: pending pak file info (ChunkID:-1 Root:root:/ File:F:/UE_4.27/FeaturePacks/FP_FirstPersonBP.upack)
[2022.02.13-21.06.23:083][  0]LogPakFile: OnPakFileMounted2Time == 0.000043
[2022.02.13-21.06.23:083][  0]LogPakFile: PakFile PrimaryIndexSize=191
[2022.02.13-21.06.23:083][  0]LogPakFile: PakFile PathHashIndexSize=101
[2022.02.13-21.06.23:083][  0]LogPakFile: PakFile FullDirectoryIndexSize=160
[2022.02.13-21.06.23:083][  0]LogShaderLibrary: Display: ShaderCodeLibraryPakFileMountedCallback: PakFile 'F:/UE_4.27/FeaturePacks/MobileStarterContent.upack' (chunk index -1, root 'root:/') mounted
[2022.02.13-21.06.23:083][  0]LogShaderLibrary: Display: ShaderCodeLibraryPakFileMountedCallback: pending pak file info (ChunkID:-1 Root:root:/ File:F:/UE_4.27/FeaturePacks/MobileStarterContent.upack)
[2022.02.13-21.06.23:083][  0]LogPakFile: OnPakFileMounted2Time == 0.000038
[2022.02.13-21.06.23:084][  0]LogPakFile: PakFile PrimaryIndexSize=185
[2022.02.13-21.06.23:084][  0]LogPakFile: PakFile PathHashIndexSize=101
[2022.02.13-21.06.23:084][  0]LogPakFile: PakFile FullDirectoryIndexSize=148
[2022.02.13-21.06.23:084][  0]LogShaderLibrary: Display: ShaderCodeLibraryPakFileMountedCallback: PakFile 'F:/UE_4.27/FeaturePacks/StarterContent.upack' (chunk index -1, root 'root:/') mounted
[2022.02.13-21.06.23:084][  0]LogShaderLibrary: Display: ShaderCodeLibraryPakFileMountedCallback: pending pak file info (ChunkID:-1 Root:root:/ File:F:/UE_4.27/FeaturePacks/StarterContent.upack)
[2022.02.13-21.06.23:084][  0]LogPakFile: OnPakFileMounted2Time == 0.000043
[2022.02.13-21.06.23:084][  0]LogPakFile: PakFile PrimaryIndexSize=190
[2022.02.13-21.06.23:084][  0]LogPakFile: PakFile PathHashIndexSize=101
[2022.02.13-21.06.23:084][  0]LogPakFile: PakFile FullDirectoryIndexSize=154
[2022.02.13-21.06.23:084][  0]LogShaderLibrary: Display: ShaderCodeLibraryPakFileMountedCallback: PakFile 'F:/UE_4.27/FeaturePacks/TP_2DSideScroller.upack' (chunk index -1, root 'root:/') mounted
[2022.02.13-21.06.23:084][  0]LogShaderLibrary: Display: ShaderCodeLibraryPakFileMountedCallback: pending pak file info (ChunkID:-1 Root:root:/ File:F:/UE_4.27/FeaturePacks/TP_2DSideScroller.upack)
[2022.02.13-21.06.23:084][  0]LogPakFile: OnPakFileMounted2Time == 0.000037
[2022.02.13-21.06.23:085][  0]LogPakFile: PakFile PrimaryIndexSize=192
[2022.02.13-21.06.23:085][  0]LogPakFile: PakFile PathHashIndexSize=101
[2022.02.13-21.06.23:085][  0]LogPakFile: PakFile FullDirectoryIndexSize=158
[2022.02.13-21.06.23:085][  0]LogShaderLibrary: Display: ShaderCodeLibraryPakFileMountedCallback: PakFile 'F:/UE_4.27/FeaturePacks/TP_2DSideScrollerBP.upack' (chunk index -1, root 'root:/') mounted
[2022.02.13-21.06.23:085][  0]LogShaderLibrary: Display: ShaderCodeLibraryPakFileMountedCallback: pending pak file info (ChunkID:-1 Root:root:/ File:F:/UE_4.27/FeaturePacks/TP_2DSideScrollerBP.upack)
[2022.02.13-21.06.23:085][  0]LogPakFile: OnPakFileMounted2Time == 0.000084
[2022.02.13-21.06.23:086][  0]LogPakFile: PakFile PrimaryIndexSize=182
[2022.02.13-21.06.23:086][  0]LogPakFile: PakFile PathHashIndexSize=101
[2022.02.13-21.06.23:086][  0]LogPakFile: PakFile FullDirectoryIndexSize=138
[2022.02.13-21.06.23:086][  0]LogShaderLibrary: Display: ShaderCodeLibraryPakFileMountedCallback: PakFile 'F:/UE_4.27/FeaturePacks/TP_Flying.upack' (chunk index -1, root 'root:/') mounted
[2022.02.13-21.06.23:086][  0]LogShaderLibrary: Display: ShaderCodeLibraryPakFileMountedCallback: pending pak file info (ChunkID:-1 Root:root:/ File:F:/UE_4.27/FeaturePacks/TP_Flying.upack)
[2022.02.13-21.06.23:086][  0]LogPakFile: OnPakFileMounted2Time == 0.000035
[2022.02.13-21.06.23:086][  0]LogPakFile: PakFile PrimaryIndexSize=184
[2022.02.13-21.06.23:086][  0]LogPakFile: PakFile PathHashIndexSize=101
[2022.02.13-21.06.23:086][  0]LogPakFile: PakFile FullDirectoryIndexSize=142
[2022.02.13-21.06.23:086][  0]LogShaderLibrary: Display: ShaderCodeLibraryPakFileMountedCallback: PakFile 'F:/UE_4.27/FeaturePacks/TP_FlyingBP.upack' (chunk index -1, root 'root:/') mounted
[2022.02.13-21.06.23:086][  0]LogShaderLibrary: Display: ShaderCodeLibraryPakFileMountedCallback: pending pak file info (ChunkID:-1 Root:root:/ File:F:/UE_4.27/FeaturePacks/TP_FlyingBP.upack)
[2022.02.13-21.06.23:086][  0]LogPakFile: OnPakFileMounted2Time == 0.000034
[2022.02.13-21.06.23:087][  0]LogPakFile: PakFile PrimaryIndexSize=188
[2022.02.13-21.06.23:087][  0]LogPakFile: PakFile PathHashIndexSize=101
[2022.02.13-21.06.23:087][  0]LogPakFile: PakFile FullDirectoryIndexSize=150
[2022.02.13-21.06.23:087][  0]LogShaderLibrary: Display: ShaderCodeLibraryPakFileMountedCallback: PakFile 'F:/UE_4.27/FeaturePacks/TP_HandheldARBP.upack' (chunk index -1, root 'root:/') mounted
[2022.02.13-21.06.23:087][  0]LogShaderLibrary: Display: ShaderCodeLibraryPakFileMountedCallback: pending pak file info (ChunkID:-1 Root:root:/ File:F:/UE_4.27/FeaturePacks/TP_HandheldARBP.upack)
[2022.02.13-21.06.23:087][  0]LogPakFile: OnPakFileMounted2Time == 0.000037
[2022.02.13-21.06.23:087][  0]LogPakFile: PakFile PrimaryIndexSize=182
[2022.02.13-21.06.23:087][  0]LogPakFile: PakFile PathHashIndexSize=101
[2022.02.13-21.06.23:087][  0]LogPakFile: PakFile FullDirectoryIndexSize=138
[2022.02.13-21.06.23:087][  0]LogShaderLibrary: Display: ShaderCodeLibraryPakFileMountedCallback: PakFile 'F:/UE_4.27/FeaturePacks/TP_Puzzle.upack' (chunk index -1, root 'root:/') mounted
[2022.02.13-21.06.23:087][  0]LogShaderLibrary: Display: ShaderCodeLibraryPakFileMountedCallback: pending pak file info (ChunkID:-1 Root:root:/ File:F:/UE_4.27/FeaturePacks/TP_Puzzle.upack)
[2022.02.13-21.06.23:088][  0]LogPakFile: OnPakFileMounted2Time == 0.000032
[2022.02.13-21.06.23:088][  0]LogPakFile: PakFile PrimaryIndexSize=184
[2022.02.13-21.06.23:088][  0]LogPakFile: PakFile PathHashIndexSize=101
[2022.02.13-21.06.23:088][  0]LogPakFile: PakFile FullDirectoryIndexSize=142
[2022.02.13-21.06.23:088][  0]LogShaderLibrary: Display: ShaderCodeLibraryPakFileMountedCallback: PakFile 'F:/UE_4.27/FeaturePacks/TP_PuzzleBP.upack' (chunk index -1, root 'root:/') mounted
[2022.02.13-21.06.23:088][  0]LogShaderLibrary: Display: ShaderCodeLibraryPakFileMountedCallback: pending pak file info (ChunkID:-1 Root:root:/ File:F:/UE_4.27/FeaturePacks/TP_PuzzleBP.upack)
[2022.02.13-21.06.23:088][  0]LogPakFile: OnPakFileMounted2Time == 0.000039
[2022.02.13-21.06.23:089][  0]LogPakFile: PakFile PrimaryIndexSize=183
[2022.02.13-21.06.23:089][  0]LogPakFile: PakFile PathHashIndexSize=101
[2022.02.13-21.06.23:089][  0]LogPakFile: PakFile FullDirectoryIndexSize=140
[2022.02.13-21.06.23:089][  0]LogShaderLibrary: Display: ShaderCodeLibraryPakFileMountedCallback: PakFile 'F:/UE_4.27/FeaturePacks/TP_Rolling.upack' (chunk index -1, root 'root:/') mounted
[2022.02.13-21.06.23:089][  0]LogShaderLibrary: Display: ShaderCodeLibraryPakFileMountedCallback: pending pak file info (ChunkID:-1 Root:root:/ File:F:/UE_4.27/FeaturePacks/TP_Rolling.upack)
[2022.02.13-21.06.23:089][  0]LogPakFile: OnPakFileMounted2Time == 0.000030
[2022.02.13-21.06.23:089][  0]LogPakFile: PakFile PrimaryIndexSize=185
[2022.02.13-21.06.23:089][  0]LogPakFile: PakFile PathHashIndexSize=101
[2022.02.13-21.06.23:089][  0]LogPakFile: PakFile FullDirectoryIndexSize=144
[2022.02.13-21.06.23:089][  0]LogShaderLibrary: Display: ShaderCodeLibraryPakFileMountedCallback: PakFile 'F:/UE_4.27/FeaturePacks/TP_RollingBP.upack' (chunk index -1, root 'root:/') mounted
[2022.02.13-21.06.23:089][  0]LogShaderLibrary: Display: ShaderCodeLibraryPakFileMountedCallback: pending pak file info (ChunkID:-1 Root:root:/ File:F:/UE_4.27/FeaturePacks/TP_RollingBP.upack)
[2022.02.13-21.06.23:089][  0]LogPakFile: OnPakFileMounted2Time == 0.000028
[2022.02.13-21.06.23:090][  0]LogPakFile: PakFile PrimaryIndexSize=188
[2022.02.13-21.06.23:090][  0]LogPakFile: PakFile PathHashIndexSize=101
[2022.02.13-21.06.23:090][  0]LogPakFile: PakFile FullDirectoryIndexSize=150
[2022.02.13-21.06.23:090][  0]LogShaderLibrary: Display: ShaderCodeLibraryPakFileMountedCallback: PakFile 'F:/UE_4.27/FeaturePacks/TP_SideScroller.upack' (chunk index -1, root 'root:/') mounted
[2022.02.13-21.06.23:090][  0]LogShaderLibrary: Display: ShaderCodeLibraryPakFileMountedCallback: pending pak file info (ChunkID:-1 Root:root:/ File:F:/UE_4.27/FeaturePacks/TP_SideScroller.upack)
[2022.02.13-21.06.23:090][  0]LogPakFile: OnPakFileMounted2Time == 0.000042
[2022.02.13-21.06.23:090][  0]LogPakFile: PakFile PrimaryIndexSize=190
[2022.02.13-21.06.23:090][  0]LogPakFile: PakFile PathHashIndexSize=101
[2022.02.13-21.06.23:090][  0]LogPakFile: PakFile FullDirectoryIndexSize=154
[2022.02.13-21.06.23:090][  0]LogShaderLibrary: Display: ShaderCodeLibraryPakFileMountedCallback: PakFile 'F:/UE_4.27/FeaturePacks/TP_SideScrollerBP.upack' (chunk index -1, root 'root:/') mounted
[2022.02.13-21.06.23:090][  0]LogShaderLibrary: Display: ShaderCodeLibraryPakFileMountedCallback: pending pak file info (ChunkID:-1 Root:root:/ File:F:/UE_4.27/FeaturePacks/TP_SideScrollerBP.upack)
[2022.02.13-21.06.23:090][  0]LogPakFile: OnPakFileMounted2Time == 0.000036
[2022.02.13-21.06.23:091][  0]LogPakFile: PakFile PrimaryIndexSize=187
[2022.02.13-21.06.23:091][  0]LogPakFile: PakFile PathHashIndexSize=101
[2022.02.13-21.06.23:091][  0]LogPakFile: PakFile FullDirectoryIndexSize=148
[2022.02.13-21.06.23:091][  0]LogShaderLibrary: Display: ShaderCodeLibraryPakFileMountedCallback: PakFile 'F:/UE_4.27/FeaturePacks/TP_ThirdPerson.upack' (chunk index -1, root 'root:/') mounted
[2022.02.13-21.06.23:091][  0]LogShaderLibrary: Display: ShaderCodeLibraryPakFileMountedCallback: pending pak file info (ChunkID:-1 Root:root:/ File:F:/UE_4.27/FeaturePacks/TP_ThirdPerson.upack)
[2022.02.13-21.06.23:091][  0]LogPakFile: OnPakFileMounted2Time == 0.000032
[2022.02.13-21.06.23:091][  0]LogPakFile: PakFile PrimaryIndexSize=189
[2022.02.13-21.06.23:091][  0]LogPakFile: PakFile PathHashIndexSize=101
[2022.02.13-21.06.23:091][  0]LogPakFile: PakFile FullDirectoryIndexSize=152
[2022.02.13-21.06.23:091][  0]LogShaderLibrary: Display: ShaderCodeLibraryPakFileMountedCallback: PakFile 'F:/UE_4.27/FeaturePacks/TP_ThirdPersonBP.upack' (chunk index -1, root 'root:/') mounted
[2022.02.13-21.06.23:091][  0]LogShaderLibrary: Display: ShaderCodeLibraryPakFileMountedCallback: pending pak file info (ChunkID:-1 Root:root:/ File:F:/UE_4.27/FeaturePacks/TP_ThirdPersonBP.upack)
[2022.02.13-21.06.23:091][  0]LogPakFile: OnPakFileMounted2Time == 0.000028
[2022.02.13-21.06.23:092][  0]LogPakFile: PakFile PrimaryIndexSize=183
[2022.02.13-21.06.23:092][  0]LogPakFile: PakFile PathHashIndexSize=101
[2022.02.13-21.06.23:092][  0]LogPakFile: PakFile FullDirectoryIndexSize=140
[2022.02.13-21.06.23:092][  0]LogShaderLibrary: Display: ShaderCodeLibraryPakFileMountedCallback: PakFile 'F:/UE_4.27/FeaturePacks/TP_TopDown.upack' (chunk index -1, root 'root:/') mounted
[2022.02.13-21.06.23:092][  0]LogShaderLibrary: Display: ShaderCodeLibraryPakFileMountedCallback: pending pak file info (ChunkID:-1 Root:root:/ File:F:/UE_4.27/FeaturePacks/TP_TopDown.upack)
[2022.02.13-21.06.23:092][  0]LogPakFile: OnPakFileMounted2Time == 0.000036
[2022.02.13-21.06.23:093][  0]LogPakFile: PakFile PrimaryIndexSize=185
[2022.02.13-21.06.23:093][  0]LogPakFile: PakFile PathHashIndexSize=101
[2022.02.13-21.06.23:093][  0]LogPakFile: PakFile FullDirectoryIndexSize=144
[2022.02.13-21.06.23:093][  0]LogShaderLibrary: Display: ShaderCodeLibraryPakFileMountedCallback: PakFile 'F:/UE_4.27/FeaturePacks/TP_TopDownBP.upack' (chunk index -1, root 'root:/') mounted
[2022.02.13-21.06.23:093][  0]LogShaderLibrary: Display: ShaderCodeLibraryPakFileMountedCallback: pending pak file info (ChunkID:-1 Root:root:/ File:F:/UE_4.27/FeaturePacks/TP_TopDownBP.upack)
[2022.02.13-21.06.23:093][  0]LogPakFile: OnPakFileMounted2Time == 0.000038
[2022.02.13-21.06.23:093][  0]LogPakFile: PakFile PrimaryIndexSize=185
[2022.02.13-21.06.23:093][  0]LogPakFile: PakFile PathHashIndexSize=101
[2022.02.13-21.06.23:093][  0]LogPakFile: PakFile FullDirectoryIndexSize=144
[2022.02.13-21.06.23:093][  0]LogShaderLibrary: Display: ShaderCodeLibraryPakFileMountedCallback: PakFile 'F:/UE_4.27/FeaturePacks/TP_TwinStick.upack' (chunk index -1, root 'root:/') mounted
[2022.02.13-21.06.23:093][  0]LogShaderLibrary: Display: ShaderCodeLibraryPakFileMountedCallback: pending pak file info (ChunkID:-1 Root:root:/ File:F:/UE_4.27/FeaturePacks/TP_TwinStick.upack)
[2022.02.13-21.06.23:093][  0]LogPakFile: OnPakFileMounted2Time == 0.000038
[2022.02.13-21.06.23:094][  0]LogPakFile: PakFile PrimaryIndexSize=187
[2022.02.13-21.06.23:094][  0]LogPakFile: PakFile PathHashIndexSize=101
[2022.02.13-21.06.23:094][  0]LogPakFile: PakFile FullDirectoryIndexSize=148
[2022.02.13-21.06.23:094][  0]LogShaderLibrary: Display: ShaderCodeLibraryPakFileMountedCallback: PakFile 'F:/UE_4.27/FeaturePacks/TP_TwinStickBP.upack' (chunk index -1, root 'root:/') mounted
[2022.02.13-21.06.23:094][  0]LogShaderLibrary: Display: ShaderCodeLibraryPakFileMountedCallback: pending pak file info (ChunkID:-1 Root:root:/ File:F:/UE_4.27/FeaturePacks/TP_TwinStickBP.upack)
[2022.02.13-21.06.23:094][  0]LogPakFile: OnPakFileMounted2Time == 0.000035
[2022.02.13-21.06.23:094][  0]LogPakFile: PakFile PrimaryIndexSize=183
[2022.02.13-21.06.23:094][  0]LogPakFile: PakFile PathHashIndexSize=101
[2022.02.13-21.06.23:094][  0]LogPakFile: PakFile FullDirectoryIndexSize=140
[2022.02.13-21.06.23:094][  0]LogShaderLibrary: Display: ShaderCodeLibraryPakFileMountedCallback: PakFile 'F:/UE_4.27/FeaturePacks/TP_Vehicle.upack' (chunk index -1, root 'root:/') mounted
[2022.02.13-21.06.23:094][  0]LogShaderLibrary: Display: ShaderCodeLibraryPakFileMountedCallback: pending pak file info (ChunkID:-1 Root:root:/ File:F:/UE_4.27/FeaturePacks/TP_Vehicle.upack)
[2022.02.13-21.06.23:094][  0]LogPakFile: OnPakFileMounted2Time == 0.000035
[2022.02.13-21.06.23:095][  0]LogPakFile: PakFile PrimaryIndexSize=186
[2022.02.13-21.06.23:095][  0]LogPakFile: PakFile PathHashIndexSize=101
[2022.02.13-21.06.23:095][  0]LogPakFile: PakFile FullDirectoryIndexSize=146
[2022.02.13-21.06.23:095][  0]LogShaderLibrary: Display: ShaderCodeLibraryPakFileMountedCallback: PakFile 'F:/UE_4.27/FeaturePacks/TP_VehicleAdv.upack' (chunk index -1, root 'root:/') mounted
[2022.02.13-21.06.23:095][  0]LogShaderLibrary: Display: ShaderCodeLibraryPakFileMountedCallback: pending pak file info (ChunkID:-1 Root:root:/ File:F:/UE_4.27/FeaturePacks/TP_VehicleAdv.upack)
[2022.02.13-21.06.23:095][  0]LogPakFile: OnPakFileMounted2Time == 0.000036
[2022.02.13-21.06.23:096][  0]LogPakFile: PakFile PrimaryIndexSize=188
[2022.02.13-21.06.23:096][  0]LogPakFile: PakFile PathHashIndexSize=101
[2022.02.13-21.06.23:096][  0]LogPakFile: PakFile FullDirectoryIndexSize=150
[2022.02.13-21.06.23:096][  0]LogShaderLibrary: Display: ShaderCodeLibraryPakFileMountedCallback: PakFile 'F:/UE_4.27/FeaturePacks/TP_VehicleAdvBP.upack' (chunk index -1, root 'root:/') mounted
[2022.02.13-21.06.23:096][  0]LogShaderLibrary: Display: ShaderCodeLibraryPakFileMountedCallback: pending pak file info (ChunkID:-1 Root:root:/ File:F:/UE_4.27/FeaturePacks/TP_VehicleAdvBP.upack)
[2022.02.13-21.06.23:096][  0]LogPakFile: OnPakFileMounted2Time == 0.000029
[2022.02.13-21.06.23:096][  0]LogPakFile: PakFile PrimaryIndexSize=185
[2022.02.13-21.06.23:096][  0]LogPakFile: PakFile PathHashIndexSize=101
[2022.02.13-21.06.23:096][  0]LogPakFile: PakFile FullDirectoryIndexSize=144
[2022.02.13-21.06.23:096][  0]LogShaderLibrary: Display: ShaderCodeLibraryPakFileMountedCallback: PakFile 'F:/UE_4.27/FeaturePacks/TP_VehicleBP.upack' (chunk index -1, root 'root:/') mounted
[2022.02.13-21.06.23:096][  0]LogShaderLibrary: Display: ShaderCodeLibraryPakFileMountedCallback: pending pak file info (ChunkID:-1 Root:root:/ File:F:/UE_4.27/FeaturePacks/TP_VehicleBP.upack)
[2022.02.13-21.06.23:096][  0]LogPakFile: OnPakFileMounted2Time == 0.000029
[2022.02.13-21.06.23:097][  0]LogPakFile: PakFile PrimaryIndexSize=192
[2022.02.13-21.06.23:097][  0]LogPakFile: PakFile PathHashIndexSize=101
[2022.02.13-21.06.23:097][  0]LogPakFile: PakFile FullDirectoryIndexSize=158
[2022.02.13-21.06.23:097][  0]LogShaderLibrary: Display: ShaderCodeLibraryPakFileMountedCallback: PakFile 'F:/UE_4.27/FeaturePacks/TP_VirtualRealityBP.upack' (chunk index -1, root 'root:/') mounted
[2022.02.13-21.06.23:097][  0]LogShaderLibrary: Display: ShaderCodeLibraryPakFileMountedCallback: pending pak file info (ChunkID:-1 Root:root:/ File:F:/UE_4.27/FeaturePacks/TP_VirtualRealityBP.upack)
[2022.02.13-21.06.23:097][  0]LogPakFile: OnPakFileMounted2Time == 0.000046
[2022.02.13-21.06.23:154][  0]LogNativeClassHierarchy: Verbose: Native class hierarchy updated for 'AddContentDialog' in 0.0005 seconds. Added 0 classes and 0 folders.
[2022.02.13-21.06.23:155][  0]LogNativeClassHierarchy: Verbose: Native class hierarchy updated for 'SceneOutliner' in 0.0002 seconds. Added 2 classes and 0 folders.
[2022.02.13-21.06.23:170][  0]LogNativeClassHierarchy: Verbose: Native class hierarchy updated for 'WorldBrowser' in 0.0003 seconds. Added 2 classes and 3 folders.
[2022.02.13-21.06.23:370][  0]LogSlate: Took 0.000566 seconds to synchronously load lazily loaded font '../../../Engine/Content/Slate/Fonts/Roboto-Regular.ttf' (155K)
[2022.02.13-21.06.23:372][  0]LogSlate: Took 0.000471 seconds to synchronously load lazily loaded font '../../../Engine/Content/Editor/Slate/Fonts/FontAwesome.ttf' (139K)
[2022.02.13-21.06.23:374][  0]LogSlate: Took 0.000329 seconds to synchronously load lazily loaded font '../../../Engine/Content/Slate/Fonts/Roboto-Bold.ttf' (160K)
[2022.02.13-21.06.23:501][  0]LogRenderer: Reallocating scene render targets to support 1152x640 Format 10 NumSamples 1 (Frame:1).
[2022.02.13-21.06.23:620][  0]LogNativeClassHierarchy: Verbose: Native class hierarchy updated for 'HierarchicalLODOutliner' in 0.0003 seconds. Added 0 classes and 0 folders.
[2022.02.13-21.06.23:621][  0]LogLoad: (Engine Initialization) Total time: 14.41 seconds
[2022.02.13-21.06.23:621][  0]LogLoad: (Engine Initialization) Total Blueprint compile time: 0.00 seconds
[2022.02.13-21.06.23:692][  0]LogAssetRegistry: Asset discovery search completed in 9.4710 seconds
[2022.02.13-21.06.23:700][  0]LogCollectionManager: Fixed up redirectors for 0 collections in 0.000006 seconds (updated 0 objects)
[2022.02.13-21.06.23:703][  0]LogContentStreaming: Texture pool size now 1000 MB
[2022.02.13-21.06.24:321][  2]LogSlate: Took 0.000389 seconds to synchronously load lazily loaded font '../../../Engine/Content/Slate/Fonts/Roboto-Light.ttf' (167K)
[2022.02.13-21.06.24:979][  4]LogSlate: Took 0.000864 seconds to synchronously load lazily loaded font '../../../Engine/Content/Slate/Fonts/Roboto-Light.ttf' (167K)
[2022.02.13-21.06.54:891][705]LogBlueprint: Warning: [AssetLog] F:\LaunchTitleProject\Content\AnimStarterPack\Ue4ASP_Character.uasset: [Compiler] InputAction Event references unknown Action 'Crouch' for  InputAction Crouch
[2022.02.13-21.06.54:999][705]LogAudioDerivedData: Display: Building compressed audio format OGG hash OGG10000-1-1-1-1-1 wave CreepySound...
[2022.02.13-21.06.55:021][705]LogAudioDerivedData: Display: Compression Quality for SoundWave /Game/sounds/CreepySound.CreepySound will be modified from 40 to 40.
[2022.02.13-21.06.57:061][705]LogAudioDerivedData: Display: Updated SoundWave->RawPCMDataSize from 0 to 28708784 while cooking SoundWave /Game/sounds/CreepySound.CreepySound.
[2022.02.13-21.06.57:091][705]LogAssetEditorSubsystem: Opening Asset editor for Blueprint /Game/Turlough_TestFolder/PorcelainDoll.PorcelainDoll
[2022.02.13-21.06.57:284][705]LogNativeClassHierarchy: Verbose: Native class hierarchy updated for 'BlueprintGraph' in 0.0007 seconds. Added 126 classes and 0 folders.
[2022.02.13-21.06.58:286][705]LogSlate: Took 0.000233 seconds to synchronously load lazily loaded font '../../../Engine/Content/Slate/Fonts/Roboto-BoldCondensed.ttf' (158K)
[2022.02.13-21.07.09:988][ 69]LogSlate: Window 'PorcelainDoll' being destroyed
[2022.02.13-21.07.24:966][142]LogSlate: Took 0.000297 seconds to synchronously load lazily loaded font '../../../Engine/Content/Slate/Fonts/Roboto-Italic.ttf' (157K)
[2022.02.13-21.07.29:760][602]BlueprintLog: New page: Compile PorcelainDoll
[2022.02.13-21.07.29:829][602]LogUObjectHash: Compacting FUObjectHashTables data took   3.22ms
[2022.02.13-21.07.29:901][602]LogSlate: Took 0.000287 seconds to synchronously load lazily loaded font '../../../Engine/Content/Slate/Fonts/DroidSansMono.ttf' (77K)
[2022.02.13-21.07.30:576][645]Cmd: OBJ SAVEPACKAGE PACKAGE="/Game/Turlough_TestFolder/PorcelainDoll" FILE="../../../../LaunchTitleProject/Content/Turlough_TestFolder/PorcelainDoll.uasset" SILENT=true
[2022.02.13-21.07.30:602][645]LogSavePackage: Moving '../../../../LaunchTitleProject/Saved/PorcelainDoll6F9A0E67433DDCC2790092ABAE65B140.tmp' to '../../../../LaunchTitleProject/Content/Turlough_TestFolder/PorcelainDoll.uasset'
[2022.02.13-21.07.30:626][645]AssetCheck: New page: Asset Save: PorcelainDoll
[2022.02.13-21.07.30:626][645]LogContentValidation: Display: Validating Blueprint /Game/Turlough_TestFolder/PorcelainDoll.PorcelainDoll
[2022.02.13-21.08.12:784][ 39]BlueprintLog: New page: Compile PorcelainDoll
[2022.02.13-21.08.12:844][ 39]LogUObjectHash: Compacting FUObjectHashTables data took   3.56ms
[2022.02.13-21.09.10:181][623]BlueprintLog: New page: Compile PorcelainDoll
[2022.02.13-21.09.10:242][623]LogUObjectHash: Compacting FUObjectHashTables data took   3.45ms
[2022.02.13-21.09.11:048][660]Cmd: OBJ SAVEPACKAGE PACKAGE="/Game/Turlough_TestFolder/PorcelainDoll" FILE="../../../../LaunchTitleProject/Content/Turlough_TestFolder/PorcelainDoll.uasset" SILENT=true
[2022.02.13-21.09.11:074][660]LogSavePackage: Moving '../../../../LaunchTitleProject/Saved/PorcelainDoll95C1F06C464BFF2C1C58BA8883C40C5F.tmp' to '../../../../LaunchTitleProject/Content/Turlough_TestFolder/PorcelainDoll.uasset'
[2022.02.13-21.09.11:103][660]AssetCheck: New page: Asset Save: PorcelainDoll
[2022.02.13-21.09.11:103][660]LogContentValidation: Display: Validating Blueprint /Game/Turlough_TestFolder/PorcelainDoll.PorcelainDoll
[2022.02.13-21.10.17:368][765]LogUObjectHash: Compacting FUObjectHashTables data took   2.98ms
[2022.02.13-21.10.18:256][765]LogSlate: Window 'Save Content' being destroyed
[2022.02.13-21.10.18:524][765]Cmd: OBJ SAVEPACKAGE PACKAGE="/Game/Turlough_TestFolder/PorcelainDoll" FILE="../../../../LaunchTitleProject/Content/Turlough_TestFolder/PorcelainDoll.uasset" SILENT=true
[2022.02.13-21.10.18:544][765]LogSavePackage: Moving '../../../../LaunchTitleProject/Saved/PorcelainDoll2D31BF1040F7A0B2AA7CBD940ACC9608.tmp' to '../../../../LaunchTitleProject/Content/Turlough_TestFolder/PorcelainDoll.uasset'
[2022.02.13-21.10.18:562][765]AssetCheck: New page: Asset Save: PorcelainDoll
[2022.02.13-21.10.18:562][765]LogContentValidation: Display: Validating Blueprint /Game/Turlough_TestFolder/PorcelainDoll.PorcelainDoll
[2022.02.13-21.10.23:893][251]LogUObjectHash: Compacting FUObjectHashTables data took   0.77ms
[2022.02.13-21.10.23:937][251]LogAssetEditorSubsystem: Opening Asset editor for World /Game/FirstPersonBP/Maps/ScriptTest.ScriptTest
[2022.02.13-21.10.23:938][251]Cmd: MAP LOAD FILE="../../../../LaunchTitleProject/Content/FirstPersonBP/Maps/ScriptTest.umap" TEMPLATE=0 SHOWPROGRESS=1 FEATURELEVEL=3
[2022.02.13-21.10.23:938][251]LightingResults: New page: Lighting Build
[2022.02.13-21.10.23:938][251]LoadErrors: New page: Loading map: ScriptTest.umap
[2022.02.13-21.10.23:950][251]LogWorld: UWorld::CleanupWorld for LevelTesting, bSessionEnded=true, bCleanupResources=true
[2022.02.13-21.10.23:950][251]LogSlate: InvalidateAllWidgets triggered.  All widgets were invalidated
[2022.02.13-21.10.23:952][251]MapCheck: New page: Map Check
[2022.02.13-21.10.23:952][251]LightingResults: New page: Lighting Build
[2022.02.13-21.10.23:978][251]LogAudio: Display: Audio Device unregistered from world 'None'.
[2022.02.13-21.10.24:009][251]LogUObjectHash: Compacting FUObjectHashTables data took   4.39ms
[2022.02.13-21.10.24:011][251]LogAudio: Display: Audio Device (ID: 1) registered with world 'ScriptTest'.
[2022.02.13-21.10.24:125][251]LogEditorServer: Finished looking for orphan Actors (0.000 secs)
[2022.02.13-21.10.24:126][251]LogAIModule: Creating AISystem for world ScriptTest
[2022.02.13-21.10.24:162][251]LogUObjectHash: Compacting FUObjectHashTables data took   2.12ms
[2022.02.13-21.10.24:173][251]Cmd: MAP CHECKDEP NOCLEARLOG
[2022.02.13-21.10.24:174][251]MapCheck: Map check complete: 0 Error(s), 0 Warning(s), took 0.257ms to complete.
[2022.02.13-21.10.24:174][251]LogFileHelpers: Loading map 'ScriptTest' took 0.237
[2022.02.13-21.11.38:085][165]LogNavigationPoint: PostEditMove Clear paths rebuilt
[2022.02.13-21.11.40:076][316]LogNavigationPoint: PostEditMove Clear paths rebuilt
[2022.02.13-21.11.41:974][479]LogNavigationPoint: PostEditMove Clear paths rebuilt
[2022.02.13-21.11.45:480][743]LogNavigationPoint: PostEditMove Clear paths rebuilt
[2022.02.13-21.11.46:747][845]LogNavigationPoint: PostEditMove Clear paths rebuilt
[2022.02.13-21.11.48:182][948]LogNavigationPoint: PostEditMove Clear paths rebuilt
[2022.02.13-21.11.48:959][ 12]LogNavigationPoint: PostEditMove Clear paths rebuilt
[2022.02.13-21.11.54:792][473]LogNavigationPoint: PostEditMove Clear paths rebuilt
[2022.02.13-21.11.56:220][578]LogEditorViewport: Clicking on Actor (LMB): StaticMeshActor (Floor)
[2022.02.13-21.11.57:157][637]LogEditorViewport: Clicking on Actor (LMB): PlayerStart (PlayerStart)
[2022.02.13-21.12.01:142][949]LogNavigationPoint: PostEditMove Clear paths rebuilt
[2022.02.13-21.12.08:148][320]LogUObjectHash: Compacting FUObjectHashTables data took   5.22ms
[2022.02.13-21.12.09:109][320]LogSlate: Window 'Save Content' being destroyed
[2022.02.13-21.12.09:394][320]Cmd: OBJ SAVEPACKAGE PACKAGE="/Game/FirstPersonBP/Maps/ScriptTest" FILE="../../../../LaunchTitleProject/Content/FirstPersonBP/Maps/ScriptTest.umap" SILENT=true AUTOSAVING=false KEEPDIRTY=false
[2022.02.13-21.12.09:423][320]LogUObjectHash: Compacting FUObjectHashTables data took   0.92ms
[2022.02.13-21.12.09:437][320]LogSavePackage: Moving '../../../../LaunchTitleProject/Saved/ScriptTest5EE1EC694EE9D1599221F9A1D2C2FF3C.tmp' to '../../../../LaunchTitleProject/Content/FirstPersonBP/Maps/ScriptTest.umap'
[2022.02.13-21.12.09:453][320]LogFileHelpers: Saving map 'ScriptTest' took 0.059
[2022.02.13-21.12.09:480][320]AssetCheck: New page: Asset Save: ScriptTest
[2022.02.13-21.12.09:480][320]LogContentValidation: Display: Validating World /Game/FirstPersonBP/Maps/ScriptTest.ScriptTest
